[2025-07-08 22:58:32] local.ERROR: View [welcome] not found. {"exception":"[object] (InvalidArgumentException(code: 0): View [welcome] not found. at /home/u978867526/domains/pick-a-part.ca/public_html/PickApart_CA/PickApart_CA_API_Services/Managment_Service/vendor/laravel/framework/src/Illuminate/View/FileViewFinder.php:139)
[stacktrace]
#0 /home/u978867526/domains/pick-a-part.ca/public_html/PickApart_CA/PickApart_CA_API_Services/Managment_Service/vendor/laravel/framework/src/Illuminate/View/FileViewFinder.php(79): Illuminate\\View\\FileViewFinder->findInPaths()
#1 /home/u978867526/domains/pick-a-part.ca/public_html/PickApart_CA/PickApart_CA_API_Services/Managment_Service/vendor/laravel/framework/src/Illuminate/View/Factory.php(151): Illuminate\\View\\FileViewFinder->find()
#2 /home/u978867526/domains/pick-a-part.ca/public_html/PickApart_CA/PickApart_CA_API_Services/Managment_Service/vendor/laravel/framework/src/Illuminate/Foundation/helpers.php(1062): Illuminate\\View\\Factory->make()
#3 laravel-serializable-closure://function () {
    return \\view('welcome');
}(3): view()
#4 /home/u978867526/domains/pick-a-part.ca/public_html/PickApart_CA/PickApart_CA_API_Services/Managment_Service/vendor/laravel/framework/src/Illuminate/Routing/CallableDispatcher.php(40): Illuminate\\Routing\\RouteFileRegistrar::{closure}()
#5 /home/u978867526/domains/pick-a-part.ca/public_html/PickApart_CA/PickApart_CA_API_Services/Managment_Service/vendor/laravel/framework/src/Illuminate/Routing/Route.php(242): Illuminate\\Routing\\CallableDispatcher->dispatch()
#6 /home/u978867526/domains/pick-a-part.ca/public_html/PickApart_CA/PickApart_CA_API_Services/Managment_Service/vendor/laravel/framework/src/Illuminate/Routing/Route.php(213): Illuminate\\Routing\\Route->runCallable()
#7 /home/u978867526/domains/pick-a-part.ca/public_html/PickApart_CA/PickApart_CA_API_Services/Managment_Service/vendor/laravel/framework/src/Illuminate/Routing/Router.php(808): Illuminate\\Routing\\Route->run()
#8 /home/u978867526/domains/pick-a-part.ca/public_html/PickApart_CA/PickApart_CA_API_Services/Managment_Service/vendor/laravel/framework/src/Illuminate/Pipeline/Pipeline.php(144): Illuminate\\Routing\\Router->Illuminate\\Routing\\{closure}()
#9 /home/u978867526/domains/pick-a-part.ca/public_html/PickApart_CA/PickApart_CA_API_Services/Managment_Service/vendor/laravel/framework/src/Illuminate/Routing/Middleware/SubstituteBindings.php(51): Illuminate\\Pipeline\\Pipeline->Illuminate\\Pipeline\\{closure}()
#10 /home/u978867526/domains/pick-a-part.ca/public_html/PickApart_CA/PickApart_CA_API_Services/Managment_Service/vendor/laravel/framework/src/Illuminate/Pipeline/Pipeline.php(183): Illuminate\\Routing\\Middleware\\SubstituteBindings->handle()
#11 /home/u978867526/domains/pick-a-part.ca/public_html/PickApart_CA/PickApart_CA_API_Services/Managment_Service/vendor/laravel/framework/src/Illuminate/Foundation/Http/Middleware/VerifyCsrfToken.php(88): Illuminate\\Pipeline\\Pipeline->Illuminate\\Pipeline\\{closure}()
#12 /home/u978867526/domains/pick-a-part.ca/public_html/PickApart_CA/PickApart_CA_API_Services/Managment_Service/vendor/laravel/framework/src/Illuminate/Pipeline/Pipeline.php(183): Illuminate\\Foundation\\Http\\Middleware\\VerifyCsrfToken->handle()
#13 /home/u978867526/domains/pick-a-part.ca/public_html/PickApart_CA/PickApart_CA_API_Services/Managment_Service/vendor/laravel/framework/src/Illuminate/View/Middleware/ShareErrorsFromSession.php(49): Illuminate\\Pipeline\\Pipeline->Illuminate\\Pipeline\\{closure}()
#14 /home/u978867526/domains/pick-a-part.ca/public_html/PickApart_CA/PickApart_CA_API_Services/Managment_Service/vendor/laravel/framework/src/Illuminate/Pipeline/Pipeline.php(183): Illuminate\\View\\Middleware\\ShareErrorsFromSession->handle()
#15 /home/u978867526/domains/pick-a-part.ca/public_html/PickApart_CA/PickApart_CA_API_Services/Managment_Service/vendor/laravel/framework/src/Illuminate/Session/Middleware/StartSession.php(121): Illuminate\\Pipeline\\Pipeline->Illuminate\\Pipeline\\{closure}()
#16 /home/u978867526/domains/pick-a-part.ca/public_html/PickApart_CA/PickApart_CA_API_Services/Managment_Service/vendor/laravel/framework/src/Illuminate/Session/Middleware/StartSession.php(64): Illuminate\\Session\\Middleware\\StartSession->handleStatefulRequest()
#17 /home/u978867526/domains/pick-a-part.ca/public_html/PickApart_CA/PickApart_CA_API_Services/Managment_Service/vendor/laravel/framework/src/Illuminate/Pipeline/Pipeline.php(183): Illuminate\\Session\\Middleware\\StartSession->handle()
#18 /home/u978867526/domains/pick-a-part.ca/public_html/PickApart_CA/PickApart_CA_API_Services/Managment_Service/vendor/laravel/framework/src/Illuminate/Cookie/Middleware/AddQueuedCookiesToResponse.php(37): Illuminate\\Pipeline\\Pipeline->Illuminate\\Pipeline\\{closure}()
#19 /home/u978867526/domains/pick-a-part.ca/public_html/PickApart_CA/PickApart_CA_API_Services/Managment_Service/vendor/laravel/framework/src/Illuminate/Pipeline/Pipeline.php(183): Illuminate\\Cookie\\Middleware\\AddQueuedCookiesToResponse->handle()
#20 /home/u978867526/domains/pick-a-part.ca/public_html/PickApart_CA/PickApart_CA_API_Services/Managment_Service/vendor/laravel/framework/src/Illuminate/Cookie/Middleware/EncryptCookies.php(75): Illuminate\\Pipeline\\Pipeline->Illuminate\\Pipeline\\{closure}()
#21 /home/u978867526/domains/pick-a-part.ca/public_html/PickApart_CA/PickApart_CA_API_Services/Managment_Service/vendor/laravel/framework/src/Illuminate/Pipeline/Pipeline.php(183): Illuminate\\Cookie\\Middleware\\EncryptCookies->handle()
#22 /home/u978867526/domains/pick-a-part.ca/public_html/PickApart_CA/PickApart_CA_API_Services/Managment_Service/vendor/laravel/framework/src/Illuminate/Pipeline/Pipeline.php(119): Illuminate\\Pipeline\\Pipeline->Illuminate\\Pipeline\\{closure}()
#23 /home/u978867526/domains/pick-a-part.ca/public_html/PickApart_CA/PickApart_CA_API_Services/Managment_Service/vendor/laravel/framework/src/Illuminate/Routing/Router.php(807): Illuminate\\Pipeline\\Pipeline->then()
#24 /home/u978867526/domains/pick-a-part.ca/public_html/PickApart_CA/PickApart_CA_API_Services/Managment_Service/vendor/laravel/framework/src/Illuminate/Routing/Router.php(786): Illuminate\\Routing\\Router->runRouteWithinStack()
#25 /home/u978867526/domains/pick-a-part.ca/public_html/PickApart_CA/PickApart_CA_API_Services/Managment_Service/vendor/laravel/framework/src/Illuminate/Routing/Router.php(750): Illuminate\\Routing\\Router->runRoute()
#26 /home/u978867526/domains/pick-a-part.ca/public_html/PickApart_CA/PickApart_CA_API_Services/Managment_Service/vendor/laravel/framework/src/Illuminate/Routing/Router.php(739): Illuminate\\Routing\\Router->dispatchToRoute()
#27 /home/u978867526/domains/pick-a-part.ca/public_html/PickApart_CA/PickApart_CA_API_Services/Managment_Service/vendor/laravel/framework/src/Illuminate/Foundation/Http/Kernel.php(201): Illuminate\\Routing\\Router->dispatch()
#28 /home/u978867526/domains/pick-a-part.ca/public_html/PickApart_CA/PickApart_CA_API_Services/Managment_Service/vendor/laravel/framework/src/Illuminate/Pipeline/Pipeline.php(144): Illuminate\\Foundation\\Http\\Kernel->Illuminate\\Foundation\\Http\\{closure}()
#29 /home/u978867526/domains/pick-a-part.ca/public_html/PickApart_CA/PickApart_CA_API_Services/Managment_Service/vendor/laravel/framework/src/Illuminate/Foundation/Http/Middleware/TransformsRequest.php(21): Illuminate\\Pipeline\\Pipeline->Illuminate\\Pipeline\\{closure}()
#30 /home/u978867526/domains/pick-a-part.ca/public_html/PickApart_CA/PickApart_CA_API_Services/Managment_Service/vendor/laravel/framework/src/Illuminate/Foundation/Http/Middleware/ConvertEmptyStringsToNull.php(31): Illuminate\\Foundation\\Http\\Middleware\\TransformsRequest->handle()
#31 /home/u978867526/domains/pick-a-part.ca/public_html/PickApart_CA/PickApart_CA_API_Services/Managment_Service/vendor/laravel/framework/src/Illuminate/Pipeline/Pipeline.php(183): Illuminate\\Foundation\\Http\\Middleware\\ConvertEmptyStringsToNull->handle()
#32 /home/u978867526/domains/pick-a-part.ca/public_html/PickApart_CA/PickApart_CA_API_Services/Managment_Service/vendor/laravel/framework/src/Illuminate/Foundation/Http/Middleware/TransformsRequest.php(21): Illuminate\\Pipeline\\Pipeline->Illuminate\\Pipeline\\{closure}()
#33 /home/u978867526/domains/pick-a-part.ca/public_html/PickApart_CA/PickApart_CA_API_Services/Managment_Service/vendor/laravel/framework/src/Illuminate/Foundation/Http/Middleware/TrimStrings.php(51): Illuminate\\Foundation\\Http\\Middleware\\TransformsRequest->handle()
#34 /home/u978867526/domains/pick-a-part.ca/public_html/PickApart_CA/PickApart_CA_API_Services/Managment_Service/vendor/laravel/framework/src/Illuminate/Pipeline/Pipeline.php(183): Illuminate\\Foundation\\Http\\Middleware\\TrimStrings->handle()
#35 /home/u978867526/domains/pick-a-part.ca/public_html/PickApart_CA/PickApart_CA_API_Services/Managment_Service/vendor/laravel/framework/src/Illuminate/Http/Middleware/ValidatePostSize.php(27): Illuminate\\Pipeline\\Pipeline->Illuminate\\Pipeline\\{closure}()
#36 /home/u978867526/domains/pick-a-part.ca/public_html/PickApart_CA/PickApart_CA_API_Services/Managment_Service/vendor/laravel/framework/src/Illuminate/Pipeline/Pipeline.php(183): Illuminate\\Http\\Middleware\\ValidatePostSize->handle()
#37 /home/u978867526/domains/pick-a-part.ca/public_html/PickApart_CA/PickApart_CA_API_Services/Managment_Service/vendor/laravel/framework/src/Illuminate/Foundation/Http/Middleware/PreventRequestsDuringMaintenance.php(110): Illuminate\\Pipeline\\Pipeline->Illuminate\\Pipeline\\{closure}()
#38 /home/u978867526/domains/pick-a-part.ca/public_html/PickApart_CA/PickApart_CA_API_Services/Managment_Service/vendor/laravel/framework/src/Illuminate/Pipeline/Pipeline.php(183): Illuminate\\Foundation\\Http\\Middleware\\PreventRequestsDuringMaintenance->handle()
#39 /home/u978867526/domains/pick-a-part.ca/public_html/PickApart_CA/PickApart_CA_API_Services/Managment_Service/vendor/laravel/framework/src/Illuminate/Http/Middleware/HandleCors.php(49): Illuminate\\Pipeline\\Pipeline->Illuminate\\Pipeline\\{closure}()
#40 /home/u978867526/domains/pick-a-part.ca/public_html/PickApart_CA/PickApart_CA_API_Services/Managment_Service/vendor/laravel/framework/src/Illuminate/Pipeline/Pipeline.php(183): Illuminate\\Http\\Middleware\\HandleCors->handle()
#41 /home/u978867526/domains/pick-a-part.ca/public_html/PickApart_CA/PickApart_CA_API_Services/Managment_Service/vendor/laravel/framework/src/Illuminate/Http/Middleware/TrustProxies.php(58): Illuminate\\Pipeline\\Pipeline->Illuminate\\Pipeline\\{closure}()
#42 /home/u978867526/domains/pick-a-part.ca/public_html/PickApart_CA/PickApart_CA_API_Services/Managment_Service/vendor/laravel/framework/src/Illuminate/Pipeline/Pipeline.php(183): Illuminate\\Http\\Middleware\\TrustProxies->handle()
#43 /home/u978867526/domains/pick-a-part.ca/public_html/PickApart_CA/PickApart_CA_API_Services/Managment_Service/vendor/laravel/framework/src/Illuminate/Foundation/Http/Middleware/InvokeDeferredCallbacks.php(22): Illuminate\\Pipeline\\Pipeline->Illuminate\\Pipeline\\{closure}()
#44 /home/u978867526/domains/pick-a-part.ca/public_html/PickApart_CA/PickApart_CA_API_Services/Managment_Service/vendor/laravel/framework/src/Illuminate/Pipeline/Pipeline.php(183): Illuminate\\Foundation\\Http\\Middleware\\InvokeDeferredCallbacks->handle()
#45 /home/u978867526/domains/pick-a-part.ca/public_html/PickApart_CA/PickApart_CA_API_Services/Managment_Service/vendor/laravel/framework/src/Illuminate/Pipeline/Pipeline.php(119): Illuminate\\Pipeline\\Pipeline->Illuminate\\Pipeline\\{closure}()
#46 /home/u978867526/domains/pick-a-part.ca/public_html/PickApart_CA/PickApart_CA_API_Services/Managment_Service/vendor/laravel/framework/src/Illuminate/Foundation/Http/Kernel.php(176): Illuminate\\Pipeline\\Pipeline->then()
#47 /home/u978867526/domains/pick-a-part.ca/public_html/PickApart_CA/PickApart_CA_API_Services/Managment_Service/vendor/laravel/framework/src/Illuminate/Foundation/Http/Kernel.php(145): Illuminate\\Foundation\\Http\\Kernel->sendRequestThroughRouter()
#48 /home/u978867526/domains/pick-a-part.ca/public_html/PickApart_CA/PickApart_CA_API_Services/Managment_Service/vendor/laravel/framework/src/Illuminate/Foundation/Application.php(1190): Illuminate\\Foundation\\Http\\Kernel->handle()
#49 /home/u978867526/domains/pick-a-part.ca/public_html/PickApart_CA/PickApart_CA_API_Services/Managment_Service/public/index.php(17): Illuminate\\Foundation\\Application->handleRequest()
#50 {main}
"} 
[2025-07-08 22:58:34] local.ERROR: SQLSTATE[42S22]: Column not found: 1054 Unknown column 'payload' in 'SET' (Connection: mysql, SQL: update `sessions` set `payload` = YTozOntzOjY6Il90b2tlbiI7czo0MDoiWkhsU0trTktncjQ2bTRCRng4d1c0Q3M5S05ZNnJYSjhaZXhLeFYyYyI7czo5OiJfcHJldmlvdXMiO2E6MTp7czozOiJ1cmwiO3M6NjI6Imh0dHBzOi8vYXBpLW1hZ2FuZ21lbnQtc2VydmljZS5waWNrLWEtcGFydC5jYS9wdWJsaWMvaW5kZXgucGhwIjt9czo2OiJfZmxhc2giO2E6Mjp7czozOiJvbGQiO2E6MDp7fXM6MzoibmV3IjthOjA6e319fQ==, `last_activity` = 1752015513, `user_id` = ?, `ip_address` = 44.242.141.166, `user_agent` = Mozilla/5.0 (iPhone; CPU iPhone OS 16_5 like Mac OS X) AppleWebKit/605.1.15 (KHTML, like Gecko) CriOS/114.0.5735.99 Mobile/15E148 Safari/604.1, `id` = HlPVUD0ARhDLSeZhH7w4UqnkH2fTK6UXMBbaVubV where `id` = HlPVUD0ARhDLSeZhH7w4UqnkH2fTK6UXMBbaVubV) {"exception":"[object] (Illuminate\\Database\\QueryException(code: 42S22): SQLSTATE[42S22]: Column not found: 1054 Unknown column 'payload' in 'SET' (Connection: mysql, SQL: update `sessions` set `payload` = YTozOntzOjY6Il90b2tlbiI7czo0MDoiWkhsU0trTktncjQ2bTRCRng4d1c0Q3M5S05ZNnJYSjhaZXhLeFYyYyI7czo5OiJfcHJldmlvdXMiO2E6MTp7czozOiJ1cmwiO3M6NjI6Imh0dHBzOi8vYXBpLW1hZ2FuZ21lbnQtc2VydmljZS5waWNrLWEtcGFydC5jYS9wdWJsaWMvaW5kZXgucGhwIjt9czo2OiJfZmxhc2giO2E6Mjp7czozOiJvbGQiO2E6MDp7fXM6MzoibmV3IjthOjA6e319fQ==, `last_activity` = 1752015513, `user_id` = ?, `ip_address` = 44.242.141.166, `user_agent` = Mozilla/5.0 (iPhone; CPU iPhone OS 16_5 like Mac OS X) AppleWebKit/605.1.15 (KHTML, like Gecko) CriOS/114.0.5735.99 Mobile/15E148 Safari/604.1, `id` = HlPVUD0ARhDLSeZhH7w4UqnkH2fTK6UXMBbaVubV where `id` = HlPVUD0ARhDLSeZhH7w4UqnkH2fTK6UXMBbaVubV) at /home/u978867526/domains/pick-a-part.ca/public_html/PickApart_CA/PickApart_CA_API_Services/Managment_Service/vendor/laravel/framework/src/Illuminate/Database/Connection.php:825)
[stacktrace]
#0 /home/u978867526/domains/pick-a-part.ca/public_html/PickApart_CA/PickApart_CA_API_Services/Managment_Service/vendor/laravel/framework/src/Illuminate/Database/Connection.php(779): Illuminate\\Database\\Connection->runQueryCallback()
#1 /home/u978867526/domains/pick-a-part.ca/public_html/PickApart_CA/PickApart_CA_API_Services/Managment_Service/vendor/laravel/framework/src/Illuminate/Database/Connection.php(584): Illuminate\\Database\\Connection->run()
#2 /home/u978867526/domains/pick-a-part.ca/public_html/PickApart_CA/PickApart_CA_API_Services/Managment_Service/vendor/laravel/framework/src/Illuminate/Database/Connection.php(536): Illuminate\\Database\\Connection->affectingStatement()
#3 /home/u978867526/domains/pick-a-part.ca/public_html/PickApart_CA/PickApart_CA_API_Services/Managment_Service/vendor/laravel/framework/src/Illuminate/Database/Query/Builder.php(3866): Illuminate\\Database\\Connection->update()
#4 /home/u978867526/domains/pick-a-part.ca/public_html/PickApart_CA/PickApart_CA_API_Services/Managment_Service/vendor/laravel/framework/src/Illuminate/Session/DatabaseSessionHandler.php(173): Illuminate\\Database\\Query\\Builder->update()
#5 /home/u978867526/domains/pick-a-part.ca/public_html/PickApart_CA/PickApart_CA_API_Services/Managment_Service/vendor/laravel/framework/src/Illuminate/Session/DatabaseSessionHandler.php(160): Illuminate\\Session\\DatabaseSessionHandler->performUpdate()
#6 /home/u978867526/domains/pick-a-part.ca/public_html/PickApart_CA/PickApart_CA_API_Services/Managment_Service/vendor/laravel/framework/src/Illuminate/Session/DatabaseSessionHandler.php(142): Illuminate\\Session\\DatabaseSessionHandler->performInsert()
#7 /home/u978867526/domains/pick-a-part.ca/public_html/PickApart_CA/PickApart_CA_API_Services/Managment_Service/vendor/laravel/framework/src/Illuminate/Session/Store.php(172): Illuminate\\Session\\DatabaseSessionHandler->write()
#8 /home/u978867526/domains/pick-a-part.ca/public_html/PickApart_CA/PickApart_CA_API_Services/Managment_Service/vendor/laravel/framework/src/Illuminate/Session/Middleware/StartSession.php(245): Illuminate\\Session\\Store->save()
#9 /home/u978867526/domains/pick-a-part.ca/public_html/PickApart_CA/PickApart_CA_API_Services/Managment_Service/vendor/laravel/framework/src/Illuminate/Session/Middleware/StartSession.php(130): Illuminate\\Session\\Middleware\\StartSession->saveSession()
#10 /home/u978867526/domains/pick-a-part.ca/public_html/PickApart_CA/PickApart_CA_API_Services/Managment_Service/vendor/laravel/framework/src/Illuminate/Session/Middleware/StartSession.php(64): Illuminate\\Session\\Middleware\\StartSession->handleStatefulRequest()
#11 /home/u978867526/domains/pick-a-part.ca/public_html/PickApart_CA/PickApart_CA_API_Services/Managment_Service/vendor/laravel/framework/src/Illuminate/Pipeline/Pipeline.php(183): Illuminate\\Session\\Middleware\\StartSession->handle()
#12 /home/u978867526/domains/pick-a-part.ca/public_html/PickApart_CA/PickApart_CA_API_Services/Managment_Service/vendor/laravel/framework/src/Illuminate/Cookie/Middleware/AddQueuedCookiesToResponse.php(37): Illuminate\\Pipeline\\Pipeline->Illuminate\\Pipeline\\{closure}()
#13 /home/u978867526/domains/pick-a-part.ca/public_html/PickApart_CA/PickApart_CA_API_Services/Managment_Service/vendor/laravel/framework/src/Illuminate/Pipeline/Pipeline.php(183): Illuminate\\Cookie\\Middleware\\AddQueuedCookiesToResponse->handle()
#14 /home/u978867526/domains/pick-a-part.ca/public_html/PickApart_CA/PickApart_CA_API_Services/Managment_Service/vendor/laravel/framework/src/Illuminate/Cookie/Middleware/EncryptCookies.php(75): Illuminate\\Pipeline\\Pipeline->Illuminate\\Pipeline\\{closure}()
#15 /home/u978867526/domains/pick-a-part.ca/public_html/PickApart_CA/PickApart_CA_API_Services/Managment_Service/vendor/laravel/framework/src/Illuminate/Pipeline/Pipeline.php(183): Illuminate\\Cookie\\Middleware\\EncryptCookies->handle()
#16 /home/u978867526/domains/pick-a-part.ca/public_html/PickApart_CA/PickApart_CA_API_Services/Managment_Service/vendor/laravel/framework/src/Illuminate/Pipeline/Pipeline.php(119): Illuminate\\Pipeline\\Pipeline->Illuminate\\Pipeline\\{closure}()
#17 /home/u978867526/domains/pick-a-part.ca/public_html/PickApart_CA/PickApart_CA_API_Services/Managment_Service/vendor/laravel/framework/src/Illuminate/Routing/Router.php(807): Illuminate\\Pipeline\\Pipeline->then()
#18 /home/u978867526/domains/pick-a-part.ca/public_html/PickApart_CA/PickApart_CA_API_Services/Managment_Service/vendor/laravel/framework/src/Illuminate/Routing/Router.php(786): Illuminate\\Routing\\Router->runRouteWithinStack()
#19 /home/u978867526/domains/pick-a-part.ca/public_html/PickApart_CA/PickApart_CA_API_Services/Managment_Service/vendor/laravel/framework/src/Illuminate/Routing/Router.php(750): Illuminate\\Routing\\Router->runRoute()
#20 /home/u978867526/domains/pick-a-part.ca/public_html/PickApart_CA/PickApart_CA_API_Services/Managment_Service/vendor/laravel/framework/src/Illuminate/Routing/Router.php(739): Illuminate\\Routing\\Router->dispatchToRoute()
#21 /home/u978867526/domains/pick-a-part.ca/public_html/PickApart_CA/PickApart_CA_API_Services/Managment_Service/vendor/laravel/framework/src/Illuminate/Foundation/Http/Kernel.php(201): Illuminate\\Routing\\Router->dispatch()
#22 /home/u978867526/domains/pick-a-part.ca/public_html/PickApart_CA/PickApart_CA_API_Services/Managment_Service/vendor/laravel/framework/src/Illuminate/Pipeline/Pipeline.php(144): Illuminate\\Foundation\\Http\\Kernel->Illuminate\\Foundation\\Http\\{closure}()
#23 /home/u978867526/domains/pick-a-part.ca/public_html/PickApart_CA/PickApart_CA_API_Services/Managment_Service/vendor/laravel/framework/src/Illuminate/Foundation/Http/Middleware/TransformsRequest.php(21): Illuminate\\Pipeline\\Pipeline->Illuminate\\Pipeline\\{closure}()
#24 /home/u978867526/domains/pick-a-part.ca/public_html/PickApart_CA/PickApart_CA_API_Services/Managment_Service/vendor/laravel/framework/src/Illuminate/Foundation/Http/Middleware/ConvertEmptyStringsToNull.php(31): Illuminate\\Foundation\\Http\\Middleware\\TransformsRequest->handle()
#25 /home/u978867526/domains/pick-a-part.ca/public_html/PickApart_CA/PickApart_CA_API_Services/Managment_Service/vendor/laravel/framework/src/Illuminate/Pipeline/Pipeline.php(183): Illuminate\\Foundation\\Http\\Middleware\\ConvertEmptyStringsToNull->handle()
#26 /home/u978867526/domains/pick-a-part.ca/public_html/PickApart_CA/PickApart_CA_API_Services/Managment_Service/vendor/laravel/framework/src/Illuminate/Foundation/Http/Middleware/TransformsRequest.php(21): Illuminate\\Pipeline\\Pipeline->Illuminate\\Pipeline\\{closure}()
#27 /home/u978867526/domains/pick-a-part.ca/public_html/PickApart_CA/PickApart_CA_API_Services/Managment_Service/vendor/laravel/framework/src/Illuminate/Foundation/Http/Middleware/TrimStrings.php(51): Illuminate\\Foundation\\Http\\Middleware\\TransformsRequest->handle()
#28 /home/u978867526/domains/pick-a-part.ca/public_html/PickApart_CA/PickApart_CA_API_Services/Managment_Service/vendor/laravel/framework/src/Illuminate/Pipeline/Pipeline.php(183): Illuminate\\Foundation\\Http\\Middleware\\TrimStrings->handle()
#29 /home/u978867526/domains/pick-a-part.ca/public_html/PickApart_CA/PickApart_CA_API_Services/Managment_Service/vendor/laravel/framework/src/Illuminate/Http/Middleware/ValidatePostSize.php(27): Illuminate\\Pipeline\\Pipeline->Illuminate\\Pipeline\\{closure}()
#30 /home/u978867526/domains/pick-a-part.ca/public_html/PickApart_CA/PickApart_CA_API_Services/Managment_Service/vendor/laravel/framework/src/Illuminate/Pipeline/Pipeline.php(183): Illuminate\\Http\\Middleware\\ValidatePostSize->handle()
#31 /home/u978867526/domains/pick-a-part.ca/public_html/PickApart_CA/PickApart_CA_API_Services/Managment_Service/vendor/laravel/framework/src/Illuminate/Foundation/Http/Middleware/PreventRequestsDuringMaintenance.php(110): Illuminate\\Pipeline\\Pipeline->Illuminate\\Pipeline\\{closure}()
#32 /home/u978867526/domains/pick-a-part.ca/public_html/PickApart_CA/PickApart_CA_API_Services/Managment_Service/vendor/laravel/framework/src/Illuminate/Pipeline/Pipeline.php(183): Illuminate\\Foundation\\Http\\Middleware\\PreventRequestsDuringMaintenance->handle()
#33 /home/u978867526/domains/pick-a-part.ca/public_html/PickApart_CA/PickApart_CA_API_Services/Managment_Service/vendor/laravel/framework/src/Illuminate/Http/Middleware/HandleCors.php(49): Illuminate\\Pipeline\\Pipeline->Illuminate\\Pipeline\\{closure}()
#34 /home/u978867526/domains/pick-a-part.ca/public_html/PickApart_CA/PickApart_CA_API_Services/Managment_Service/vendor/laravel/framework/src/Illuminate/Pipeline/Pipeline.php(183): Illuminate\\Http\\Middleware\\HandleCors->handle()
#35 /home/u978867526/domains/pick-a-part.ca/public_html/PickApart_CA/PickApart_CA_API_Services/Managment_Service/vendor/laravel/framework/src/Illuminate/Http/Middleware/TrustProxies.php(58): Illuminate\\Pipeline\\Pipeline->Illuminate\\Pipeline\\{closure}()
#36 /home/u978867526/domains/pick-a-part.ca/public_html/PickApart_CA/PickApart_CA_API_Services/Managment_Service/vendor/laravel/framework/src/Illuminate/Pipeline/Pipeline.php(183): Illuminate\\Http\\Middleware\\TrustProxies->handle()
#37 /home/u978867526/domains/pick-a-part.ca/public_html/PickApart_CA/PickApart_CA_API_Services/Managment_Service/vendor/laravel/framework/src/Illuminate/Foundation/Http/Middleware/InvokeDeferredCallbacks.php(22): Illuminate\\Pipeline\\Pipeline->Illuminate\\Pipeline\\{closure}()
#38 /home/u978867526/domains/pick-a-part.ca/public_html/PickApart_CA/PickApart_CA_API_Services/Managment_Service/vendor/laravel/framework/src/Illuminate/Pipeline/Pipeline.php(183): Illuminate\\Foundation\\Http\\Middleware\\InvokeDeferredCallbacks->handle()
#39 /home/u978867526/domains/pick-a-part.ca/public_html/PickApart_CA/PickApart_CA_API_Services/Managment_Service/vendor/laravel/framework/src/Illuminate/Pipeline/Pipeline.php(119): Illuminate\\Pipeline\\Pipeline->Illuminate\\Pipeline\\{closure}()
#40 /home/u978867526/domains/pick-a-part.ca/public_html/PickApart_CA/PickApart_CA_API_Services/Managment_Service/vendor/laravel/framework/src/Illuminate/Foundation/Http/Kernel.php(176): Illuminate\\Pipeline\\Pipeline->then()
#41 /home/u978867526/domains/pick-a-part.ca/public_html/PickApart_CA/PickApart_CA_API_Services/Managment_Service/vendor/laravel/framework/src/Illuminate/Foundation/Http/Kernel.php(145): Illuminate\\Foundation\\Http\\Kernel->sendRequestThroughRouter()
#42 /home/u978867526/domains/pick-a-part.ca/public_html/PickApart_CA/PickApart_CA_API_Services/Managment_Service/vendor/laravel/framework/src/Illuminate/Foundation/Application.php(1190): Illuminate\\Foundation\\Http\\Kernel->handle()
#43 /home/u978867526/domains/pick-a-part.ca/public_html/PickApart_CA/PickApart_CA_API_Services/Managment_Service/public/index.php(17): Illuminate\\Foundation\\Application->handleRequest()
#44 {main}

[previous exception] [object] (PDOException(code: 42S22): SQLSTATE[42S22]: Column not found: 1054 Unknown column 'payload' in 'SET' at /home/u978867526/domains/pick-a-part.ca/public_html/PickApart_CA/PickApart_CA_API_Services/Managment_Service/vendor/laravel/framework/src/Illuminate/Database/Connection.php:592)
[stacktrace]
#0 /home/u978867526/domains/pick-a-part.ca/public_html/PickApart_CA/PickApart_CA_API_Services/Managment_Service/vendor/laravel/framework/src/Illuminate/Database/Connection.php(592): PDO->prepare()
#1 /home/u978867526/domains/pick-a-part.ca/public_html/PickApart_CA/PickApart_CA_API_Services/Managment_Service/vendor/laravel/framework/src/Illuminate/Database/Connection.php(812): Illuminate\\Database\\Connection->Illuminate\\Database\\{closure}()
#2 /home/u978867526/domains/pick-a-part.ca/public_html/PickApart_CA/PickApart_CA_API_Services/Managment_Service/vendor/laravel/framework/src/Illuminate/Database/Connection.php(779): Illuminate\\Database\\Connection->runQueryCallback()
#3 /home/u978867526/domains/pick-a-part.ca/public_html/PickApart_CA/PickApart_CA_API_Services/Managment_Service/vendor/laravel/framework/src/Illuminate/Database/Connection.php(584): Illuminate\\Database\\Connection->run()
#4 /home/u978867526/domains/pick-a-part.ca/public_html/PickApart_CA/PickApart_CA_API_Services/Managment_Service/vendor/laravel/framework/src/Illuminate/Database/Connection.php(536): Illuminate\\Database\\Connection->affectingStatement()
#5 /home/u978867526/domains/pick-a-part.ca/public_html/PickApart_CA/PickApart_CA_API_Services/Managment_Service/vendor/laravel/framework/src/Illuminate/Database/Query/Builder.php(3866): Illuminate\\Database\\Connection->update()
#6 /home/u978867526/domains/pick-a-part.ca/public_html/PickApart_CA/PickApart_CA_API_Services/Managment_Service/vendor/laravel/framework/src/Illuminate/Session/DatabaseSessionHandler.php(173): Illuminate\\Database\\Query\\Builder->update()
#7 /home/u978867526/domains/pick-a-part.ca/public_html/PickApart_CA/PickApart_CA_API_Services/Managment_Service/vendor/laravel/framework/src/Illuminate/Session/DatabaseSessionHandler.php(160): Illuminate\\Session\\DatabaseSessionHandler->performUpdate()
#8 /home/u978867526/domains/pick-a-part.ca/public_html/PickApart_CA/PickApart_CA_API_Services/Managment_Service/vendor/laravel/framework/src/Illuminate/Session/DatabaseSessionHandler.php(142): Illuminate\\Session\\DatabaseSessionHandler->performInsert()
#9 /home/u978867526/domains/pick-a-part.ca/public_html/PickApart_CA/PickApart_CA_API_Services/Managment_Service/vendor/laravel/framework/src/Illuminate/Session/Store.php(172): Illuminate\\Session\\DatabaseSessionHandler->write()
#10 /home/u978867526/domains/pick-a-part.ca/public_html/PickApart_CA/PickApart_CA_API_Services/Managment_Service/vendor/laravel/framework/src/Illuminate/Session/Middleware/StartSession.php(245): Illuminate\\Session\\Store->save()
#11 /home/u978867526/domains/pick-a-part.ca/public_html/PickApart_CA/PickApart_CA_API_Services/Managment_Service/vendor/laravel/framework/src/Illuminate/Session/Middleware/StartSession.php(130): Illuminate\\Session\\Middleware\\StartSession->saveSession()
#12 /home/u978867526/domains/pick-a-part.ca/public_html/PickApart_CA/PickApart_CA_API_Services/Managment_Service/vendor/laravel/framework/src/Illuminate/Session/Middleware/StartSession.php(64): Illuminate\\Session\\Middleware\\StartSession->handleStatefulRequest()
#13 /home/u978867526/domains/pick-a-part.ca/public_html/PickApart_CA/PickApart_CA_API_Services/Managment_Service/vendor/laravel/framework/src/Illuminate/Pipeline/Pipeline.php(183): Illuminate\\Session\\Middleware\\StartSession->handle()
#14 /home/u978867526/domains/pick-a-part.ca/public_html/PickApart_CA/PickApart_CA_API_Services/Managment_Service/vendor/laravel/framework/src/Illuminate/Cookie/Middleware/AddQueuedCookiesToResponse.php(37): Illuminate\\Pipeline\\Pipeline->Illuminate\\Pipeline\\{closure}()
#15 /home/u978867526/domains/pick-a-part.ca/public_html/PickApart_CA/PickApart_CA_API_Services/Managment_Service/vendor/laravel/framework/src/Illuminate/Pipeline/Pipeline.php(183): Illuminate\\Cookie\\Middleware\\AddQueuedCookiesToResponse->handle()
#16 /home/u978867526/domains/pick-a-part.ca/public_html/PickApart_CA/PickApart_CA_API_Services/Managment_Service/vendor/laravel/framework/src/Illuminate/Cookie/Middleware/EncryptCookies.php(75): Illuminate\\Pipeline\\Pipeline->Illuminate\\Pipeline\\{closure}()
#17 /home/u978867526/domains/pick-a-part.ca/public_html/PickApart_CA/PickApart_CA_API_Services/Managment_Service/vendor/laravel/framework/src/Illuminate/Pipeline/Pipeline.php(183): Illuminate\\Cookie\\Middleware\\EncryptCookies->handle()
#18 /home/u978867526/domains/pick-a-part.ca/public_html/PickApart_CA/PickApart_CA_API_Services/Managment_Service/vendor/laravel/framework/src/Illuminate/Pipeline/Pipeline.php(119): Illuminate\\Pipeline\\Pipeline->Illuminate\\Pipeline\\{closure}()
#19 /home/u978867526/domains/pick-a-part.ca/public_html/PickApart_CA/PickApart_CA_API_Services/Managment_Service/vendor/laravel/framework/src/Illuminate/Routing/Router.php(807): Illuminate\\Pipeline\\Pipeline->then()
#20 /home/u978867526/domains/pick-a-part.ca/public_html/PickApart_CA/PickApart_CA_API_Services/Managment_Service/vendor/laravel/framework/src/Illuminate/Routing/Router.php(786): Illuminate\\Routing\\Router->runRouteWithinStack()
#21 /home/u978867526/domains/pick-a-part.ca/public_html/PickApart_CA/PickApart_CA_API_Services/Managment_Service/vendor/laravel/framework/src/Illuminate/Routing/Router.php(750): Illuminate\\Routing\\Router->runRoute()
#22 /home/u978867526/domains/pick-a-part.ca/public_html/PickApart_CA/PickApart_CA_API_Services/Managment_Service/vendor/laravel/framework/src/Illuminate/Routing/Router.php(739): Illuminate\\Routing\\Router->dispatchToRoute()
#23 /home/u978867526/domains/pick-a-part.ca/public_html/PickApart_CA/PickApart_CA_API_Services/Managment_Service/vendor/laravel/framework/src/Illuminate/Foundation/Http/Kernel.php(201): Illuminate\\Routing\\Router->dispatch()
#24 /home/u978867526/domains/pick-a-part.ca/public_html/PickApart_CA/PickApart_CA_API_Services/Managment_Service/vendor/laravel/framework/src/Illuminate/Pipeline/Pipeline.php(144): Illuminate\\Foundation\\Http\\Kernel->Illuminate\\Foundation\\Http\\{closure}()
#25 /home/u978867526/domains/pick-a-part.ca/public_html/PickApart_CA/PickApart_CA_API_Services/Managment_Service/vendor/laravel/framework/src/Illuminate/Foundation/Http/Middleware/TransformsRequest.php(21): Illuminate\\Pipeline\\Pipeline->Illuminate\\Pipeline\\{closure}()
#26 /home/u978867526/domains/pick-a-part.ca/public_html/PickApart_CA/PickApart_CA_API_Services/Managment_Service/vendor/laravel/framework/src/Illuminate/Foundation/Http/Middleware/ConvertEmptyStringsToNull.php(31): Illuminate\\Foundation\\Http\\Middleware\\TransformsRequest->handle()
#27 /home/u978867526/domains/pick-a-part.ca/public_html/PickApart_CA/PickApart_CA_API_Services/Managment_Service/vendor/laravel/framework/src/Illuminate/Pipeline/Pipeline.php(183): Illuminate\\Foundation\\Http\\Middleware\\ConvertEmptyStringsToNull->handle()
#28 /home/u978867526/domains/pick-a-part.ca/public_html/PickApart_CA/PickApart_CA_API_Services/Managment_Service/vendor/laravel/framework/src/Illuminate/Foundation/Http/Middleware/TransformsRequest.php(21): Illuminate\\Pipeline\\Pipeline->Illuminate\\Pipeline\\{closure}()
#29 /home/u978867526/domains/pick-a-part.ca/public_html/PickApart_CA/PickApart_CA_API_Services/Managment_Service/vendor/laravel/framework/src/Illuminate/Foundation/Http/Middleware/TrimStrings.php(51): Illuminate\\Foundation\\Http\\Middleware\\TransformsRequest->handle()
#30 /home/u978867526/domains/pick-a-part.ca/public_html/PickApart_CA/PickApart_CA_API_Services/Managment_Service/vendor/laravel/framework/src/Illuminate/Pipeline/Pipeline.php(183): Illuminate\\Foundation\\Http\\Middleware\\TrimStrings->handle()
#31 /home/u978867526/domains/pick-a-part.ca/public_html/PickApart_CA/PickApart_CA_API_Services/Managment_Service/vendor/laravel/framework/src/Illuminate/Http/Middleware/ValidatePostSize.php(27): Illuminate\\Pipeline\\Pipeline->Illuminate\\Pipeline\\{closure}()
#32 /home/u978867526/domains/pick-a-part.ca/public_html/PickApart_CA/PickApart_CA_API_Services/Managment_Service/vendor/laravel/framework/src/Illuminate/Pipeline/Pipeline.php(183): Illuminate\\Http\\Middleware\\ValidatePostSize->handle()
#33 /home/u978867526/domains/pick-a-part.ca/public_html/PickApart_CA/PickApart_CA_API_Services/Managment_Service/vendor/laravel/framework/src/Illuminate/Foundation/Http/Middleware/PreventRequestsDuringMaintenance.php(110): Illuminate\\Pipeline\\Pipeline->Illuminate\\Pipeline\\{closure}()
#34 /home/u978867526/domains/pick-a-part.ca/public_html/PickApart_CA/PickApart_CA_API_Services/Managment_Service/vendor/laravel/framework/src/Illuminate/Pipeline/Pipeline.php(183): Illuminate\\Foundation\\Http\\Middleware\\PreventRequestsDuringMaintenance->handle()
#35 /home/u978867526/domains/pick-a-part.ca/public_html/PickApart_CA/PickApart_CA_API_Services/Managment_Service/vendor/laravel/framework/src/Illuminate/Http/Middleware/HandleCors.php(49): Illuminate\\Pipeline\\Pipeline->Illuminate\\Pipeline\\{closure}()
#36 /home/u978867526/domains/pick-a-part.ca/public_html/PickApart_CA/PickApart_CA_API_Services/Managment_Service/vendor/laravel/framework/src/Illuminate/Pipeline/Pipeline.php(183): Illuminate\\Http\\Middleware\\HandleCors->handle()
#37 /home/u978867526/domains/pick-a-part.ca/public_html/PickApart_CA/PickApart_CA_API_Services/Managment_Service/vendor/laravel/framework/src/Illuminate/Http/Middleware/TrustProxies.php(58): Illuminate\\Pipeline\\Pipeline->Illuminate\\Pipeline\\{closure}()
#38 /home/u978867526/domains/pick-a-part.ca/public_html/PickApart_CA/PickApart_CA_API_Services/Managment_Service/vendor/laravel/framework/src/Illuminate/Pipeline/Pipeline.php(183): Illuminate\\Http\\Middleware\\TrustProxies->handle()
#39 /home/u978867526/domains/pick-a-part.ca/public_html/PickApart_CA/PickApart_CA_API_Services/Managment_Service/vendor/laravel/framework/src/Illuminate/Foundation/Http/Middleware/InvokeDeferredCallbacks.php(22): Illuminate\\Pipeline\\Pipeline->Illuminate\\Pipeline\\{closure}()
#40 /home/u978867526/domains/pick-a-part.ca/public_html/PickApart_CA/PickApart_CA_API_Services/Managment_Service/vendor/laravel/framework/src/Illuminate/Pipeline/Pipeline.php(183): Illuminate\\Foundation\\Http\\Middleware\\InvokeDeferredCallbacks->handle()
#41 /home/u978867526/domains/pick-a-part.ca/public_html/PickApart_CA/PickApart_CA_API_Services/Managment_Service/vendor/laravel/framework/src/Illuminate/Pipeline/Pipeline.php(119): Illuminate\\Pipeline\\Pipeline->Illuminate\\Pipeline\\{closure}()
#42 /home/u978867526/domains/pick-a-part.ca/public_html/PickApart_CA/PickApart_CA_API_Services/Managment_Service/vendor/laravel/framework/src/Illuminate/Foundation/Http/Kernel.php(176): Illuminate\\Pipeline\\Pipeline->then()
#43 /home/u978867526/domains/pick-a-part.ca/public_html/PickApart_CA/PickApart_CA_API_Services/Managment_Service/vendor/laravel/framework/src/Illuminate/Foundation/Http/Kernel.php(145): Illuminate\\Foundation\\Http\\Kernel->sendRequestThroughRouter()
#44 /home/u978867526/domains/pick-a-part.ca/public_html/PickApart_CA/PickApart_CA_API_Services/Managment_Service/vendor/laravel/framework/src/Illuminate/Foundation/Application.php(1190): Illuminate\\Foundation\\Http\\Kernel->handle()
#45 /home/u978867526/domains/pick-a-part.ca/public_html/PickApart_CA/PickApart_CA_API_Services/Managment_Service/public/index.php(17): Illuminate\\Foundation\\Application->handleRequest()
#46 {main}
"} 
