[2025-07-09 08:42:36] local.ERROR: The "D:\PickApartServices_v1\Managment_Service_Ca_Vds\resources\views" directory does not exist. {"exception":"[object] (Symfony\\Component\\Finder\\Exception\\DirectoryNotFoundException(code: 0): The \"D:\\PickApartServices_v1\\Managment_Service_Ca_Vds\\resources\\views\" directory does not exist. at /home/api-magangment-service.pick-a-part.ca/public_html/vendor/symfony/finder/Finder.php:646)
[stacktrace]
#0 /home/api-magangment-service.pick-a-part.ca/public_html/vendor/laravel/framework/src/Illuminate/Foundation/Console/ViewCacheCommand.php(88): Symfony\\Component\\Finder\\Finder->in()
#1 /home/api-magangment-service.pick-a-part.ca/public_html/vendor/laravel/framework/src/Illuminate/Foundation/Console/ViewCacheCommand.php(43): Illuminate\\Foundation\\Console\\ViewCacheCommand->bladeFilesIn()
#2 /home/api-magangment-service.pick-a-part.ca/public_html/vendor/laravel/framework/src/Illuminate/Collections/Traits/EnumeratesValues.php(257): Illuminate\\Foundation\\Console\\ViewCacheCommand->Illuminate\\Foundation\\Console\\{closure}()
#3 /home/api-magangment-service.pick-a-part.ca/public_html/vendor/laravel/framework/src/Illuminate/Foundation/Console/ViewCacheCommand.php(38): Illuminate\\Support\\Collection->each()
#4 /home/api-magangment-service.pick-a-part.ca/public_html/vendor/laravel/framework/src/Illuminate/Container/BoundMethod.php(36): Illuminate\\Foundation\\Console\\ViewCacheCommand->handle()
#5 /home/api-magangment-service.pick-a-part.ca/public_html/vendor/laravel/framework/src/Illuminate/Container/Util.php(43): Illuminate\\Container\\BoundMethod::Illuminate\\Container\\{closure}()
#6 /home/api-magangment-service.pick-a-part.ca/public_html/vendor/laravel/framework/src/Illuminate/Container/BoundMethod.php(95): Illuminate\\Container\\Util::unwrapIfClosure()
#7 /home/api-magangment-service.pick-a-part.ca/public_html/vendor/laravel/framework/src/Illuminate/Container/BoundMethod.php(35): Illuminate\\Container\\BoundMethod::callBoundMethod()
#8 /home/api-magangment-service.pick-a-part.ca/public_html/vendor/laravel/framework/src/Illuminate/Container/Container.php(690): Illuminate\\Container\\BoundMethod::call()
#9 /home/api-magangment-service.pick-a-part.ca/public_html/vendor/laravel/framework/src/Illuminate/Console/Command.php(213): Illuminate\\Container\\Container->call()
#10 /home/api-magangment-service.pick-a-part.ca/public_html/vendor/symfony/console/Command/Command.php(279): Illuminate\\Console\\Command->execute()
#11 /home/api-magangment-service.pick-a-part.ca/public_html/vendor/laravel/framework/src/Illuminate/Console/Command.php(182): Symfony\\Component\\Console\\Command\\Command->run()
#12 /home/api-magangment-service.pick-a-part.ca/public_html/vendor/laravel/framework/src/Illuminate/Console/Concerns/CallsCommands.php(67): Illuminate\\Console\\Command->run()
#13 /home/api-magangment-service.pick-a-part.ca/public_html/vendor/laravel/framework/src/Illuminate/Console/Concerns/CallsCommands.php(40): Illuminate\\Console\\Command->runCommand()
#14 /home/api-magangment-service.pick-a-part.ca/public_html/vendor/laravel/framework/src/Illuminate/Console/Concerns/CallsCommands.php(52): Illuminate\\Console\\Command->callSilent()
#15 /home/api-magangment-service.pick-a-part.ca/public_html/vendor/laravel/framework/src/Illuminate/Foundation/Console/OptimizeCommand.php(36): Illuminate\\Console\\Command->callSilently()
#16 /home/api-magangment-service.pick-a-part.ca/public_html/vendor/laravel/framework/src/Illuminate/Console/View/Components/Task.php(40): Illuminate\\Foundation\\Console\\OptimizeCommand->Illuminate\\Foundation\\Console\\{closure}()
#17 /home/api-magangment-service.pick-a-part.ca/public_html/vendor/laravel/framework/src/Illuminate/Console/View/Components/Factory.php(60): Illuminate\\Console\\View\\Components\\Task->render()
#18 /home/api-magangment-service.pick-a-part.ca/public_html/vendor/laravel/framework/src/Illuminate/Foundation/Console/OptimizeCommand.php(36): Illuminate\\Console\\View\\Components\\Factory->__call()
#19 /home/api-magangment-service.pick-a-part.ca/public_html/vendor/laravel/framework/src/Illuminate/Container/BoundMethod.php(36): Illuminate\\Foundation\\Console\\OptimizeCommand->handle()
#20 /home/api-magangment-service.pick-a-part.ca/public_html/vendor/laravel/framework/src/Illuminate/Container/Util.php(43): Illuminate\\Container\\BoundMethod::Illuminate\\Container\\{closure}()
#21 /home/api-magangment-service.pick-a-part.ca/public_html/vendor/laravel/framework/src/Illuminate/Container/BoundMethod.php(95): Illuminate\\Container\\Util::unwrapIfClosure()
#22 /home/api-magangment-service.pick-a-part.ca/public_html/vendor/laravel/framework/src/Illuminate/Container/BoundMethod.php(35): Illuminate\\Container\\BoundMethod::callBoundMethod()
#23 /home/api-magangment-service.pick-a-part.ca/public_html/vendor/laravel/framework/src/Illuminate/Container/Container.php(690): Illuminate\\Container\\BoundMethod::call()
#24 /home/api-magangment-service.pick-a-part.ca/public_html/vendor/laravel/framework/src/Illuminate/Console/Command.php(213): Illuminate\\Container\\Container->call()
#25 /home/api-magangment-service.pick-a-part.ca/public_html/vendor/symfony/console/Command/Command.php(279): Illuminate\\Console\\Command->execute()
#26 /home/api-magangment-service.pick-a-part.ca/public_html/vendor/laravel/framework/src/Illuminate/Console/Command.php(182): Symfony\\Component\\Console\\Command\\Command->run()
#27 /home/api-magangment-service.pick-a-part.ca/public_html/vendor/symfony/console/Application.php(1047): Illuminate\\Console\\Command->run()
#28 /home/api-magangment-service.pick-a-part.ca/public_html/vendor/symfony/console/Application.php(316): Symfony\\Component\\Console\\Application->doRunCommand()
#29 /home/api-magangment-service.pick-a-part.ca/public_html/vendor/symfony/console/Application.php(167): Symfony\\Component\\Console\\Application->doRun()
#30 /home/api-magangment-service.pick-a-part.ca/public_html/vendor/laravel/framework/src/Illuminate/Foundation/Console/Kernel.php(197): Symfony\\Component\\Console\\Application->run()
#31 /home/api-magangment-service.pick-a-part.ca/public_html/vendor/laravel/framework/src/Illuminate/Foundation/Application.php(1205): Illuminate\\Foundation\\Console\\Kernel->handle()
#32 /home/api-magangment-service.pick-a-part.ca/public_html/artisan(13): Illuminate\\Foundation\\Application->handleCommand()
#33 {main}
"} 
