[2025-05-27 07:24:32] local.INFO: isVerified: [true] 
[2025-05-29 10:38:48] local.ERROR: Attempt to read property "reason" on null {"exception":"[object] (ErrorException(code: 0): Attempt to read property \"reason\" on null at /home/u978867526/domains/pickapart.ae/public_html/Pickapart/API-Services/Authentication_Service/app/Helpers/LoginHelper.php:109)
[stacktrace]
#0 /home/u978867526/domains/pickapart.ae/public_html/Pickapart/API-Services/Authentication_Service/vendor/laravel/framework/src/Illuminate/Foundation/Bootstrap/HandleExceptions.php(270): Illuminate\\Foundation\\Bootstrap\\HandleExceptions->handleError()
#1 /home/u978867526/domains/pickapart.ae/public_html/Pickapart/API-Services/Authentication_Service/app/Helpers/LoginHelper.php(109): Illuminate\\Foundation\\Bootstrap\\HandleExceptions->Illuminate\\Foundation\\Bootstrap\\{closure}()
#2 /home/u978867526/domains/pickapart.ae/public_html/Pickapart/API-Services/Authentication_Service/app/Http/Controllers/LoginController.php(58): App\\Helpers\\LoginHelper::login()
#3 /home/u978867526/domains/pickapart.ae/public_html/Pickapart/API-Services/Authentication_Service/vendor/laravel/framework/src/Illuminate/Routing/Controller.php(54): App\\Http\\Controllers\\LoginController->login()
#4 /home/u978867526/domains/pickapart.ae/public_html/Pickapart/API-Services/Authentication_Service/vendor/laravel/framework/src/Illuminate/Routing/ControllerDispatcher.php(43): Illuminate\\Routing\\Controller->callAction()
#5 /home/u978867526/domains/pickapart.ae/public_html/Pickapart/API-Services/Authentication_Service/vendor/laravel/framework/src/Illuminate/Routing/Route.php(259): Illuminate\\Routing\\ControllerDispatcher->dispatch()
#6 /home/u978867526/domains/pickapart.ae/public_html/Pickapart/API-Services/Authentication_Service/vendor/laravel/framework/src/Illuminate/Routing/Route.php(205): Illuminate\\Routing\\Route->runController()
#7 /home/u978867526/domains/pickapart.ae/public_html/Pickapart/API-Services/Authentication_Service/vendor/laravel/framework/src/Illuminate/Routing/Router.php(798): Illuminate\\Routing\\Route->run()
#8 /home/u978867526/domains/pickapart.ae/public_html/Pickapart/API-Services/Authentication_Service/vendor/laravel/framework/src/Illuminate/Pipeline/Pipeline.php(141): Illuminate\\Routing\\Router->Illuminate\\Routing\\{closure}()
#9 /home/u978867526/domains/pickapart.ae/public_html/Pickapart/API-Services/Authentication_Service/vendor/laravel/framework/src/Illuminate/Routing/Middleware/SubstituteBindings.php(50): Illuminate\\Pipeline\\Pipeline->Illuminate\\Pipeline\\{closure}()
#10 /home/u978867526/domains/pickapart.ae/public_html/Pickapart/API-Services/Authentication_Service/vendor/laravel/framework/src/Illuminate/Pipeline/Pipeline.php(180): Illuminate\\Routing\\Middleware\\SubstituteBindings->handle()
#11 /home/u978867526/domains/pickapart.ae/public_html/Pickapart/API-Services/Authentication_Service/vendor/laravel/framework/src/Illuminate/Routing/Middleware/ThrottleRequests.php(126): Illuminate\\Pipeline\\Pipeline->Illuminate\\Pipeline\\{closure}()
#12 /home/u978867526/domains/pickapart.ae/public_html/Pickapart/API-Services/Authentication_Service/vendor/laravel/framework/src/Illuminate/Routing/Middleware/ThrottleRequests.php(92): Illuminate\\Routing\\Middleware\\ThrottleRequests->handleRequest()
#13 /home/u978867526/domains/pickapart.ae/public_html/Pickapart/API-Services/Authentication_Service/vendor/laravel/framework/src/Illuminate/Routing/Middleware/ThrottleRequests.php(54): Illuminate\\Routing\\Middleware\\ThrottleRequests->handleRequestUsingNamedLimiter()
#14 /home/u978867526/domains/pickapart.ae/public_html/Pickapart/API-Services/Authentication_Service/vendor/laravel/framework/src/Illuminate/Pipeline/Pipeline.php(180): Illuminate\\Routing\\Middleware\\ThrottleRequests->handle()
#15 /home/u978867526/domains/pickapart.ae/public_html/Pickapart/API-Services/Authentication_Service/vendor/laravel/framework/src/Illuminate/Pipeline/Pipeline.php(116): Illuminate\\Pipeline\\Pipeline->Illuminate\\Pipeline\\{closure}()
#16 /home/u978867526/domains/pickapart.ae/public_html/Pickapart/API-Services/Authentication_Service/vendor/laravel/framework/src/Illuminate/Routing/Router.php(797): Illuminate\\Pipeline\\Pipeline->then()
#17 /home/u978867526/domains/pickapart.ae/public_html/Pickapart/API-Services/Authentication_Service/vendor/laravel/framework/src/Illuminate/Routing/Router.php(776): Illuminate\\Routing\\Router->runRouteWithinStack()
#18 /home/u978867526/domains/pickapart.ae/public_html/Pickapart/API-Services/Authentication_Service/vendor/laravel/framework/src/Illuminate/Routing/Router.php(740): Illuminate\\Routing\\Router->runRoute()
#19 /home/u978867526/domains/pickapart.ae/public_html/Pickapart/API-Services/Authentication_Service/vendor/laravel/framework/src/Illuminate/Routing/Router.php(729): Illuminate\\Routing\\Router->dispatchToRoute()
#20 /home/u978867526/domains/pickapart.ae/public_html/Pickapart/API-Services/Authentication_Service/vendor/laravel/framework/src/Illuminate/Foundation/Http/Kernel.php(190): Illuminate\\Routing\\Router->dispatch()
#21 /home/u978867526/domains/pickapart.ae/public_html/Pickapart/API-Services/Authentication_Service/vendor/laravel/framework/src/Illuminate/Pipeline/Pipeline.php(141): Illuminate\\Foundation\\Http\\Kernel->Illuminate\\Foundation\\Http\\{closure}()
#22 /home/u978867526/domains/pickapart.ae/public_html/Pickapart/API-Services/Authentication_Service/vendor/laravel/framework/src/Illuminate/Foundation/Http/Middleware/TransformsRequest.php(21): Illuminate\\Pipeline\\Pipeline->Illuminate\\Pipeline\\{closure}()
#23 /home/u978867526/domains/pickapart.ae/public_html/Pickapart/API-Services/Authentication_Service/vendor/laravel/framework/src/Illuminate/Foundation/Http/Middleware/ConvertEmptyStringsToNull.php(31): Illuminate\\Foundation\\Http\\Middleware\\TransformsRequest->handle()
#24 /home/u978867526/domains/pickapart.ae/public_html/Pickapart/API-Services/Authentication_Service/vendor/laravel/framework/src/Illuminate/Pipeline/Pipeline.php(180): Illuminate\\Foundation\\Http\\Middleware\\ConvertEmptyStringsToNull->handle()
#25 /home/u978867526/domains/pickapart.ae/public_html/Pickapart/API-Services/Authentication_Service/vendor/laravel/framework/src/Illuminate/Foundation/Http/Middleware/TransformsRequest.php(21): Illuminate\\Pipeline\\Pipeline->Illuminate\\Pipeline\\{closure}()
#26 /home/u978867526/domains/pickapart.ae/public_html/Pickapart/API-Services/Authentication_Service/vendor/laravel/framework/src/Illuminate/Foundation/Http/Middleware/TrimStrings.php(40): Illuminate\\Foundation\\Http\\Middleware\\TransformsRequest->handle()
#27 /home/u978867526/domains/pickapart.ae/public_html/Pickapart/API-Services/Authentication_Service/vendor/laravel/framework/src/Illuminate/Pipeline/Pipeline.php(180): Illuminate\\Foundation\\Http\\Middleware\\TrimStrings->handle()
#28 /home/u978867526/domains/pickapart.ae/public_html/Pickapart/API-Services/Authentication_Service/vendor/laravel/framework/src/Illuminate/Foundation/Http/Middleware/ValidatePostSize.php(27): Illuminate\\Pipeline\\Pipeline->Illuminate\\Pipeline\\{closure}()
#29 /home/u978867526/domains/pickapart.ae/public_html/Pickapart/API-Services/Authentication_Service/vendor/laravel/framework/src/Illuminate/Pipeline/Pipeline.php(180): Illuminate\\Foundation\\Http\\Middleware\\ValidatePostSize->handle()
#30 /home/u978867526/domains/pickapart.ae/public_html/Pickapart/API-Services/Authentication_Service/vendor/laravel/framework/src/Illuminate/Foundation/Http/Middleware/PreventRequestsDuringMaintenance.php(86): Illuminate\\Pipeline\\Pipeline->Illuminate\\Pipeline\\{closure}()
#31 /home/u978867526/domains/pickapart.ae/public_html/Pickapart/API-Services/Authentication_Service/vendor/laravel/framework/src/Illuminate/Pipeline/Pipeline.php(180): Illuminate\\Foundation\\Http\\Middleware\\PreventRequestsDuringMaintenance->handle()
#32 /home/u978867526/domains/pickapart.ae/public_html/Pickapart/API-Services/Authentication_Service/vendor/laravel/framework/src/Illuminate/Http/Middleware/HandleCors.php(62): Illuminate\\Pipeline\\Pipeline->Illuminate\\Pipeline\\{closure}()
#33 /home/u978867526/domains/pickapart.ae/public_html/Pickapart/API-Services/Authentication_Service/vendor/laravel/framework/src/Illuminate/Pipeline/Pipeline.php(180): Illuminate\\Http\\Middleware\\HandleCors->handle()
#34 /home/u978867526/domains/pickapart.ae/public_html/Pickapart/API-Services/Authentication_Service/vendor/laravel/framework/src/Illuminate/Http/Middleware/TrustProxies.php(39): Illuminate\\Pipeline\\Pipeline->Illuminate\\Pipeline\\{closure}()
#35 /home/u978867526/domains/pickapart.ae/public_html/Pickapart/API-Services/Authentication_Service/vendor/laravel/framework/src/Illuminate/Pipeline/Pipeline.php(180): Illuminate\\Http\\Middleware\\TrustProxies->handle()
#36 /home/u978867526/domains/pickapart.ae/public_html/Pickapart/API-Services/Authentication_Service/vendor/laravel/framework/src/Illuminate/Pipeline/Pipeline.php(116): Illuminate\\Pipeline\\Pipeline->Illuminate\\Pipeline\\{closure}()
#37 /home/u978867526/domains/pickapart.ae/public_html/Pickapart/API-Services/Authentication_Service/vendor/laravel/framework/src/Illuminate/Foundation/Http/Kernel.php(165): Illuminate\\Pipeline\\Pipeline->then()
#38 /home/u978867526/domains/pickapart.ae/public_html/Pickapart/API-Services/Authentication_Service/vendor/laravel/framework/src/Illuminate/Foundation/Http/Kernel.php(134): Illuminate\\Foundation\\Http\\Kernel->sendRequestThroughRouter()
#39 /home/u978867526/domains/pickapart.ae/public_html/Pickapart/API-Services/Authentication_Service/public/index.php(51): Illuminate\\Foundation\\Http\\Kernel->handle()
#40 {main}
"} 
[2025-05-31 07:32:47] local.ERROR: Attempt to read property "reason" on null {"exception":"[object] (ErrorException(code: 0): Attempt to read property \"reason\" on null at /home/u978867526/domains/pickapart.ae/public_html/Pickapart/API-Services/Authentication_Service/app/Helpers/LoginHelper.php:109)
[stacktrace]
#0 /home/u978867526/domains/pickapart.ae/public_html/Pickapart/API-Services/Authentication_Service/vendor/laravel/framework/src/Illuminate/Foundation/Bootstrap/HandleExceptions.php(270): Illuminate\\Foundation\\Bootstrap\\HandleExceptions->handleError()
#1 /home/u978867526/domains/pickapart.ae/public_html/Pickapart/API-Services/Authentication_Service/app/Helpers/LoginHelper.php(109): Illuminate\\Foundation\\Bootstrap\\HandleExceptions->Illuminate\\Foundation\\Bootstrap\\{closure}()
#2 /home/u978867526/domains/pickapart.ae/public_html/Pickapart/API-Services/Authentication_Service/app/Http/Controllers/LoginController.php(58): App\\Helpers\\LoginHelper::login()
#3 /home/u978867526/domains/pickapart.ae/public_html/Pickapart/API-Services/Authentication_Service/vendor/laravel/framework/src/Illuminate/Routing/Controller.php(54): App\\Http\\Controllers\\LoginController->login()
#4 /home/u978867526/domains/pickapart.ae/public_html/Pickapart/API-Services/Authentication_Service/vendor/laravel/framework/src/Illuminate/Routing/ControllerDispatcher.php(43): Illuminate\\Routing\\Controller->callAction()
#5 /home/u978867526/domains/pickapart.ae/public_html/Pickapart/API-Services/Authentication_Service/vendor/laravel/framework/src/Illuminate/Routing/Route.php(259): Illuminate\\Routing\\ControllerDispatcher->dispatch()
#6 /home/u978867526/domains/pickapart.ae/public_html/Pickapart/API-Services/Authentication_Service/vendor/laravel/framework/src/Illuminate/Routing/Route.php(205): Illuminate\\Routing\\Route->runController()
#7 /home/u978867526/domains/pickapart.ae/public_html/Pickapart/API-Services/Authentication_Service/vendor/laravel/framework/src/Illuminate/Routing/Router.php(798): Illuminate\\Routing\\Route->run()
#8 /home/u978867526/domains/pickapart.ae/public_html/Pickapart/API-Services/Authentication_Service/vendor/laravel/framework/src/Illuminate/Pipeline/Pipeline.php(141): Illuminate\\Routing\\Router->Illuminate\\Routing\\{closure}()
#9 /home/u978867526/domains/pickapart.ae/public_html/Pickapart/API-Services/Authentication_Service/vendor/laravel/framework/src/Illuminate/Routing/Middleware/SubstituteBindings.php(50): Illuminate\\Pipeline\\Pipeline->Illuminate\\Pipeline\\{closure}()
#10 /home/u978867526/domains/pickapart.ae/public_html/Pickapart/API-Services/Authentication_Service/vendor/laravel/framework/src/Illuminate/Pipeline/Pipeline.php(180): Illuminate\\Routing\\Middleware\\SubstituteBindings->handle()
#11 /home/u978867526/domains/pickapart.ae/public_html/Pickapart/API-Services/Authentication_Service/vendor/laravel/framework/src/Illuminate/Routing/Middleware/ThrottleRequests.php(126): Illuminate\\Pipeline\\Pipeline->Illuminate\\Pipeline\\{closure}()
#12 /home/u978867526/domains/pickapart.ae/public_html/Pickapart/API-Services/Authentication_Service/vendor/laravel/framework/src/Illuminate/Routing/Middleware/ThrottleRequests.php(92): Illuminate\\Routing\\Middleware\\ThrottleRequests->handleRequest()
#13 /home/u978867526/domains/pickapart.ae/public_html/Pickapart/API-Services/Authentication_Service/vendor/laravel/framework/src/Illuminate/Routing/Middleware/ThrottleRequests.php(54): Illuminate\\Routing\\Middleware\\ThrottleRequests->handleRequestUsingNamedLimiter()
#14 /home/u978867526/domains/pickapart.ae/public_html/Pickapart/API-Services/Authentication_Service/vendor/laravel/framework/src/Illuminate/Pipeline/Pipeline.php(180): Illuminate\\Routing\\Middleware\\ThrottleRequests->handle()
#15 /home/u978867526/domains/pickapart.ae/public_html/Pickapart/API-Services/Authentication_Service/vendor/laravel/framework/src/Illuminate/Pipeline/Pipeline.php(116): Illuminate\\Pipeline\\Pipeline->Illuminate\\Pipeline\\{closure}()
#16 /home/u978867526/domains/pickapart.ae/public_html/Pickapart/API-Services/Authentication_Service/vendor/laravel/framework/src/Illuminate/Routing/Router.php(797): Illuminate\\Pipeline\\Pipeline->then()
#17 /home/u978867526/domains/pickapart.ae/public_html/Pickapart/API-Services/Authentication_Service/vendor/laravel/framework/src/Illuminate/Routing/Router.php(776): Illuminate\\Routing\\Router->runRouteWithinStack()
#18 /home/u978867526/domains/pickapart.ae/public_html/Pickapart/API-Services/Authentication_Service/vendor/laravel/framework/src/Illuminate/Routing/Router.php(740): Illuminate\\Routing\\Router->runRoute()
#19 /home/u978867526/domains/pickapart.ae/public_html/Pickapart/API-Services/Authentication_Service/vendor/laravel/framework/src/Illuminate/Routing/Router.php(729): Illuminate\\Routing\\Router->dispatchToRoute()
#20 /home/u978867526/domains/pickapart.ae/public_html/Pickapart/API-Services/Authentication_Service/vendor/laravel/framework/src/Illuminate/Foundation/Http/Kernel.php(190): Illuminate\\Routing\\Router->dispatch()
#21 /home/u978867526/domains/pickapart.ae/public_html/Pickapart/API-Services/Authentication_Service/vendor/laravel/framework/src/Illuminate/Pipeline/Pipeline.php(141): Illuminate\\Foundation\\Http\\Kernel->Illuminate\\Foundation\\Http\\{closure}()
#22 /home/u978867526/domains/pickapart.ae/public_html/Pickapart/API-Services/Authentication_Service/vendor/laravel/framework/src/Illuminate/Foundation/Http/Middleware/TransformsRequest.php(21): Illuminate\\Pipeline\\Pipeline->Illuminate\\Pipeline\\{closure}()
#23 /home/u978867526/domains/pickapart.ae/public_html/Pickapart/API-Services/Authentication_Service/vendor/laravel/framework/src/Illuminate/Foundation/Http/Middleware/ConvertEmptyStringsToNull.php(31): Illuminate\\Foundation\\Http\\Middleware\\TransformsRequest->handle()
#24 /home/u978867526/domains/pickapart.ae/public_html/Pickapart/API-Services/Authentication_Service/vendor/laravel/framework/src/Illuminate/Pipeline/Pipeline.php(180): Illuminate\\Foundation\\Http\\Middleware\\ConvertEmptyStringsToNull->handle()
#25 /home/u978867526/domains/pickapart.ae/public_html/Pickapart/API-Services/Authentication_Service/vendor/laravel/framework/src/Illuminate/Foundation/Http/Middleware/TransformsRequest.php(21): Illuminate\\Pipeline\\Pipeline->Illuminate\\Pipeline\\{closure}()
#26 /home/u978867526/domains/pickapart.ae/public_html/Pickapart/API-Services/Authentication_Service/vendor/laravel/framework/src/Illuminate/Foundation/Http/Middleware/TrimStrings.php(40): Illuminate\\Foundation\\Http\\Middleware\\TransformsRequest->handle()
#27 /home/u978867526/domains/pickapart.ae/public_html/Pickapart/API-Services/Authentication_Service/vendor/laravel/framework/src/Illuminate/Pipeline/Pipeline.php(180): Illuminate\\Foundation\\Http\\Middleware\\TrimStrings->handle()
#28 /home/u978867526/domains/pickapart.ae/public_html/Pickapart/API-Services/Authentication_Service/vendor/laravel/framework/src/Illuminate/Foundation/Http/Middleware/ValidatePostSize.php(27): Illuminate\\Pipeline\\Pipeline->Illuminate\\Pipeline\\{closure}()
#29 /home/u978867526/domains/pickapart.ae/public_html/Pickapart/API-Services/Authentication_Service/vendor/laravel/framework/src/Illuminate/Pipeline/Pipeline.php(180): Illuminate\\Foundation\\Http\\Middleware\\ValidatePostSize->handle()
#30 /home/u978867526/domains/pickapart.ae/public_html/Pickapart/API-Services/Authentication_Service/vendor/laravel/framework/src/Illuminate/Foundation/Http/Middleware/PreventRequestsDuringMaintenance.php(86): Illuminate\\Pipeline\\Pipeline->Illuminate\\Pipeline\\{closure}()
#31 /home/u978867526/domains/pickapart.ae/public_html/Pickapart/API-Services/Authentication_Service/vendor/laravel/framework/src/Illuminate/Pipeline/Pipeline.php(180): Illuminate\\Foundation\\Http\\Middleware\\PreventRequestsDuringMaintenance->handle()
#32 /home/u978867526/domains/pickapart.ae/public_html/Pickapart/API-Services/Authentication_Service/vendor/laravel/framework/src/Illuminate/Http/Middleware/HandleCors.php(62): Illuminate\\Pipeline\\Pipeline->Illuminate\\Pipeline\\{closure}()
#33 /home/u978867526/domains/pickapart.ae/public_html/Pickapart/API-Services/Authentication_Service/vendor/laravel/framework/src/Illuminate/Pipeline/Pipeline.php(180): Illuminate\\Http\\Middleware\\HandleCors->handle()
#34 /home/u978867526/domains/pickapart.ae/public_html/Pickapart/API-Services/Authentication_Service/vendor/laravel/framework/src/Illuminate/Http/Middleware/TrustProxies.php(39): Illuminate\\Pipeline\\Pipeline->Illuminate\\Pipeline\\{closure}()
#35 /home/u978867526/domains/pickapart.ae/public_html/Pickapart/API-Services/Authentication_Service/vendor/laravel/framework/src/Illuminate/Pipeline/Pipeline.php(180): Illuminate\\Http\\Middleware\\TrustProxies->handle()
#36 /home/u978867526/domains/pickapart.ae/public_html/Pickapart/API-Services/Authentication_Service/vendor/laravel/framework/src/Illuminate/Pipeline/Pipeline.php(116): Illuminate\\Pipeline\\Pipeline->Illuminate\\Pipeline\\{closure}()
#37 /home/u978867526/domains/pickapart.ae/public_html/Pickapart/API-Services/Authentication_Service/vendor/laravel/framework/src/Illuminate/Foundation/Http/Kernel.php(165): Illuminate\\Pipeline\\Pipeline->then()
#38 /home/u978867526/domains/pickapart.ae/public_html/Pickapart/API-Services/Authentication_Service/vendor/laravel/framework/src/Illuminate/Foundation/Http/Kernel.php(134): Illuminate\\Foundation\\Http\\Kernel->sendRequestThroughRouter()
#39 /home/u978867526/domains/pickapart.ae/public_html/Pickapart/API-Services/Authentication_Service/public/index.php(51): Illuminate\\Foundation\\Http\\Kernel->handle()
#40 {main}
"} 
[2025-05-31 07:34:04] local.ERROR: Attempt to read property "reason" on null {"exception":"[object] (ErrorException(code: 0): Attempt to read property \"reason\" on null at /home/u978867526/domains/pickapart.ae/public_html/Pickapart/API-Services/Authentication_Service/app/Helpers/LoginHelper.php:109)
[stacktrace]
#0 /home/u978867526/domains/pickapart.ae/public_html/Pickapart/API-Services/Authentication_Service/vendor/laravel/framework/src/Illuminate/Foundation/Bootstrap/HandleExceptions.php(270): Illuminate\\Foundation\\Bootstrap\\HandleExceptions->handleError()
#1 /home/u978867526/domains/pickapart.ae/public_html/Pickapart/API-Services/Authentication_Service/app/Helpers/LoginHelper.php(109): Illuminate\\Foundation\\Bootstrap\\HandleExceptions->Illuminate\\Foundation\\Bootstrap\\{closure}()
#2 /home/u978867526/domains/pickapart.ae/public_html/Pickapart/API-Services/Authentication_Service/app/Http/Controllers/LoginController.php(58): App\\Helpers\\LoginHelper::login()
#3 /home/u978867526/domains/pickapart.ae/public_html/Pickapart/API-Services/Authentication_Service/vendor/laravel/framework/src/Illuminate/Routing/Controller.php(54): App\\Http\\Controllers\\LoginController->login()
#4 /home/u978867526/domains/pickapart.ae/public_html/Pickapart/API-Services/Authentication_Service/vendor/laravel/framework/src/Illuminate/Routing/ControllerDispatcher.php(43): Illuminate\\Routing\\Controller->callAction()
#5 /home/u978867526/domains/pickapart.ae/public_html/Pickapart/API-Services/Authentication_Service/vendor/laravel/framework/src/Illuminate/Routing/Route.php(259): Illuminate\\Routing\\ControllerDispatcher->dispatch()
#6 /home/u978867526/domains/pickapart.ae/public_html/Pickapart/API-Services/Authentication_Service/vendor/laravel/framework/src/Illuminate/Routing/Route.php(205): Illuminate\\Routing\\Route->runController()
#7 /home/u978867526/domains/pickapart.ae/public_html/Pickapart/API-Services/Authentication_Service/vendor/laravel/framework/src/Illuminate/Routing/Router.php(798): Illuminate\\Routing\\Route->run()
#8 /home/u978867526/domains/pickapart.ae/public_html/Pickapart/API-Services/Authentication_Service/vendor/laravel/framework/src/Illuminate/Pipeline/Pipeline.php(141): Illuminate\\Routing\\Router->Illuminate\\Routing\\{closure}()
#9 /home/u978867526/domains/pickapart.ae/public_html/Pickapart/API-Services/Authentication_Service/vendor/laravel/framework/src/Illuminate/Routing/Middleware/SubstituteBindings.php(50): Illuminate\\Pipeline\\Pipeline->Illuminate\\Pipeline\\{closure}()
#10 /home/u978867526/domains/pickapart.ae/public_html/Pickapart/API-Services/Authentication_Service/vendor/laravel/framework/src/Illuminate/Pipeline/Pipeline.php(180): Illuminate\\Routing\\Middleware\\SubstituteBindings->handle()
#11 /home/u978867526/domains/pickapart.ae/public_html/Pickapart/API-Services/Authentication_Service/vendor/laravel/framework/src/Illuminate/Routing/Middleware/ThrottleRequests.php(126): Illuminate\\Pipeline\\Pipeline->Illuminate\\Pipeline\\{closure}()
#12 /home/u978867526/domains/pickapart.ae/public_html/Pickapart/API-Services/Authentication_Service/vendor/laravel/framework/src/Illuminate/Routing/Middleware/ThrottleRequests.php(92): Illuminate\\Routing\\Middleware\\ThrottleRequests->handleRequest()
#13 /home/u978867526/domains/pickapart.ae/public_html/Pickapart/API-Services/Authentication_Service/vendor/laravel/framework/src/Illuminate/Routing/Middleware/ThrottleRequests.php(54): Illuminate\\Routing\\Middleware\\ThrottleRequests->handleRequestUsingNamedLimiter()
#14 /home/u978867526/domains/pickapart.ae/public_html/Pickapart/API-Services/Authentication_Service/vendor/laravel/framework/src/Illuminate/Pipeline/Pipeline.php(180): Illuminate\\Routing\\Middleware\\ThrottleRequests->handle()
#15 /home/u978867526/domains/pickapart.ae/public_html/Pickapart/API-Services/Authentication_Service/vendor/laravel/framework/src/Illuminate/Pipeline/Pipeline.php(116): Illuminate\\Pipeline\\Pipeline->Illuminate\\Pipeline\\{closure}()
#16 /home/u978867526/domains/pickapart.ae/public_html/Pickapart/API-Services/Authentication_Service/vendor/laravel/framework/src/Illuminate/Routing/Router.php(797): Illuminate\\Pipeline\\Pipeline->then()
#17 /home/u978867526/domains/pickapart.ae/public_html/Pickapart/API-Services/Authentication_Service/vendor/laravel/framework/src/Illuminate/Routing/Router.php(776): Illuminate\\Routing\\Router->runRouteWithinStack()
#18 /home/u978867526/domains/pickapart.ae/public_html/Pickapart/API-Services/Authentication_Service/vendor/laravel/framework/src/Illuminate/Routing/Router.php(740): Illuminate\\Routing\\Router->runRoute()
#19 /home/u978867526/domains/pickapart.ae/public_html/Pickapart/API-Services/Authentication_Service/vendor/laravel/framework/src/Illuminate/Routing/Router.php(729): Illuminate\\Routing\\Router->dispatchToRoute()
#20 /home/u978867526/domains/pickapart.ae/public_html/Pickapart/API-Services/Authentication_Service/vendor/laravel/framework/src/Illuminate/Foundation/Http/Kernel.php(190): Illuminate\\Routing\\Router->dispatch()
#21 /home/u978867526/domains/pickapart.ae/public_html/Pickapart/API-Services/Authentication_Service/vendor/laravel/framework/src/Illuminate/Pipeline/Pipeline.php(141): Illuminate\\Foundation\\Http\\Kernel->Illuminate\\Foundation\\Http\\{closure}()
#22 /home/u978867526/domains/pickapart.ae/public_html/Pickapart/API-Services/Authentication_Service/vendor/laravel/framework/src/Illuminate/Foundation/Http/Middleware/TransformsRequest.php(21): Illuminate\\Pipeline\\Pipeline->Illuminate\\Pipeline\\{closure}()
#23 /home/u978867526/domains/pickapart.ae/public_html/Pickapart/API-Services/Authentication_Service/vendor/laravel/framework/src/Illuminate/Foundation/Http/Middleware/ConvertEmptyStringsToNull.php(31): Illuminate\\Foundation\\Http\\Middleware\\TransformsRequest->handle()
#24 /home/u978867526/domains/pickapart.ae/public_html/Pickapart/API-Services/Authentication_Service/vendor/laravel/framework/src/Illuminate/Pipeline/Pipeline.php(180): Illuminate\\Foundation\\Http\\Middleware\\ConvertEmptyStringsToNull->handle()
#25 /home/u978867526/domains/pickapart.ae/public_html/Pickapart/API-Services/Authentication_Service/vendor/laravel/framework/src/Illuminate/Foundation/Http/Middleware/TransformsRequest.php(21): Illuminate\\Pipeline\\Pipeline->Illuminate\\Pipeline\\{closure}()
#26 /home/u978867526/domains/pickapart.ae/public_html/Pickapart/API-Services/Authentication_Service/vendor/laravel/framework/src/Illuminate/Foundation/Http/Middleware/TrimStrings.php(40): Illuminate\\Foundation\\Http\\Middleware\\TransformsRequest->handle()
#27 /home/u978867526/domains/pickapart.ae/public_html/Pickapart/API-Services/Authentication_Service/vendor/laravel/framework/src/Illuminate/Pipeline/Pipeline.php(180): Illuminate\\Foundation\\Http\\Middleware\\TrimStrings->handle()
#28 /home/u978867526/domains/pickapart.ae/public_html/Pickapart/API-Services/Authentication_Service/vendor/laravel/framework/src/Illuminate/Foundation/Http/Middleware/ValidatePostSize.php(27): Illuminate\\Pipeline\\Pipeline->Illuminate\\Pipeline\\{closure}()
#29 /home/u978867526/domains/pickapart.ae/public_html/Pickapart/API-Services/Authentication_Service/vendor/laravel/framework/src/Illuminate/Pipeline/Pipeline.php(180): Illuminate\\Foundation\\Http\\Middleware\\ValidatePostSize->handle()
#30 /home/u978867526/domains/pickapart.ae/public_html/Pickapart/API-Services/Authentication_Service/vendor/laravel/framework/src/Illuminate/Foundation/Http/Middleware/PreventRequestsDuringMaintenance.php(86): Illuminate\\Pipeline\\Pipeline->Illuminate\\Pipeline\\{closure}()
#31 /home/u978867526/domains/pickapart.ae/public_html/Pickapart/API-Services/Authentication_Service/vendor/laravel/framework/src/Illuminate/Pipeline/Pipeline.php(180): Illuminate\\Foundation\\Http\\Middleware\\PreventRequestsDuringMaintenance->handle()
#32 /home/u978867526/domains/pickapart.ae/public_html/Pickapart/API-Services/Authentication_Service/vendor/laravel/framework/src/Illuminate/Http/Middleware/HandleCors.php(62): Illuminate\\Pipeline\\Pipeline->Illuminate\\Pipeline\\{closure}()
#33 /home/u978867526/domains/pickapart.ae/public_html/Pickapart/API-Services/Authentication_Service/vendor/laravel/framework/src/Illuminate/Pipeline/Pipeline.php(180): Illuminate\\Http\\Middleware\\HandleCors->handle()
#34 /home/u978867526/domains/pickapart.ae/public_html/Pickapart/API-Services/Authentication_Service/vendor/laravel/framework/src/Illuminate/Http/Middleware/TrustProxies.php(39): Illuminate\\Pipeline\\Pipeline->Illuminate\\Pipeline\\{closure}()
#35 /home/u978867526/domains/pickapart.ae/public_html/Pickapart/API-Services/Authentication_Service/vendor/laravel/framework/src/Illuminate/Pipeline/Pipeline.php(180): Illuminate\\Http\\Middleware\\TrustProxies->handle()
#36 /home/u978867526/domains/pickapart.ae/public_html/Pickapart/API-Services/Authentication_Service/vendor/laravel/framework/src/Illuminate/Pipeline/Pipeline.php(116): Illuminate\\Pipeline\\Pipeline->Illuminate\\Pipeline\\{closure}()
#37 /home/u978867526/domains/pickapart.ae/public_html/Pickapart/API-Services/Authentication_Service/vendor/laravel/framework/src/Illuminate/Foundation/Http/Kernel.php(165): Illuminate\\Pipeline\\Pipeline->then()
#38 /home/u978867526/domains/pickapart.ae/public_html/Pickapart/API-Services/Authentication_Service/vendor/laravel/framework/src/Illuminate/Foundation/Http/Kernel.php(134): Illuminate\\Foundation\\Http\\Kernel->sendRequestThroughRouter()
#39 /home/u978867526/domains/pickapart.ae/public_html/Pickapart/API-Services/Authentication_Service/public/index.php(51): Illuminate\\Foundation\\Http\\Kernel->handle()
#40 {main}
"} 
[2025-06-02 11:12:29] local.ERROR: Attempt to read property "reason" on null {"exception":"[object] (ErrorException(code: 0): Attempt to read property \"reason\" on null at /home/u978867526/domains/pickapart.ae/public_html/Pickapart/API-Services/Authentication_Service/app/Helpers/LoginHelper.php:109)
[stacktrace]
#0 /home/u978867526/domains/pickapart.ae/public_html/Pickapart/API-Services/Authentication_Service/vendor/laravel/framework/src/Illuminate/Foundation/Bootstrap/HandleExceptions.php(270): Illuminate\\Foundation\\Bootstrap\\HandleExceptions->handleError()
#1 /home/u978867526/domains/pickapart.ae/public_html/Pickapart/API-Services/Authentication_Service/app/Helpers/LoginHelper.php(109): Illuminate\\Foundation\\Bootstrap\\HandleExceptions->Illuminate\\Foundation\\Bootstrap\\{closure}()
#2 /home/u978867526/domains/pickapart.ae/public_html/Pickapart/API-Services/Authentication_Service/app/Http/Controllers/LoginController.php(58): App\\Helpers\\LoginHelper::login()
#3 /home/u978867526/domains/pickapart.ae/public_html/Pickapart/API-Services/Authentication_Service/vendor/laravel/framework/src/Illuminate/Routing/Controller.php(54): App\\Http\\Controllers\\LoginController->login()
#4 /home/u978867526/domains/pickapart.ae/public_html/Pickapart/API-Services/Authentication_Service/vendor/laravel/framework/src/Illuminate/Routing/ControllerDispatcher.php(43): Illuminate\\Routing\\Controller->callAction()
#5 /home/u978867526/domains/pickapart.ae/public_html/Pickapart/API-Services/Authentication_Service/vendor/laravel/framework/src/Illuminate/Routing/Route.php(259): Illuminate\\Routing\\ControllerDispatcher->dispatch()
#6 /home/u978867526/domains/pickapart.ae/public_html/Pickapart/API-Services/Authentication_Service/vendor/laravel/framework/src/Illuminate/Routing/Route.php(205): Illuminate\\Routing\\Route->runController()
#7 /home/u978867526/domains/pickapart.ae/public_html/Pickapart/API-Services/Authentication_Service/vendor/laravel/framework/src/Illuminate/Routing/Router.php(798): Illuminate\\Routing\\Route->run()
#8 /home/u978867526/domains/pickapart.ae/public_html/Pickapart/API-Services/Authentication_Service/vendor/laravel/framework/src/Illuminate/Pipeline/Pipeline.php(141): Illuminate\\Routing\\Router->Illuminate\\Routing\\{closure}()
#9 /home/u978867526/domains/pickapart.ae/public_html/Pickapart/API-Services/Authentication_Service/vendor/laravel/framework/src/Illuminate/Routing/Middleware/SubstituteBindings.php(50): Illuminate\\Pipeline\\Pipeline->Illuminate\\Pipeline\\{closure}()
#10 /home/u978867526/domains/pickapart.ae/public_html/Pickapart/API-Services/Authentication_Service/vendor/laravel/framework/src/Illuminate/Pipeline/Pipeline.php(180): Illuminate\\Routing\\Middleware\\SubstituteBindings->handle()
#11 /home/u978867526/domains/pickapart.ae/public_html/Pickapart/API-Services/Authentication_Service/vendor/laravel/framework/src/Illuminate/Routing/Middleware/ThrottleRequests.php(126): Illuminate\\Pipeline\\Pipeline->Illuminate\\Pipeline\\{closure}()
#12 /home/u978867526/domains/pickapart.ae/public_html/Pickapart/API-Services/Authentication_Service/vendor/laravel/framework/src/Illuminate/Routing/Middleware/ThrottleRequests.php(92): Illuminate\\Routing\\Middleware\\ThrottleRequests->handleRequest()
#13 /home/u978867526/domains/pickapart.ae/public_html/Pickapart/API-Services/Authentication_Service/vendor/laravel/framework/src/Illuminate/Routing/Middleware/ThrottleRequests.php(54): Illuminate\\Routing\\Middleware\\ThrottleRequests->handleRequestUsingNamedLimiter()
#14 /home/u978867526/domains/pickapart.ae/public_html/Pickapart/API-Services/Authentication_Service/vendor/laravel/framework/src/Illuminate/Pipeline/Pipeline.php(180): Illuminate\\Routing\\Middleware\\ThrottleRequests->handle()
#15 /home/u978867526/domains/pickapart.ae/public_html/Pickapart/API-Services/Authentication_Service/vendor/laravel/framework/src/Illuminate/Pipeline/Pipeline.php(116): Illuminate\\Pipeline\\Pipeline->Illuminate\\Pipeline\\{closure}()
#16 /home/u978867526/domains/pickapart.ae/public_html/Pickapart/API-Services/Authentication_Service/vendor/laravel/framework/src/Illuminate/Routing/Router.php(797): Illuminate\\Pipeline\\Pipeline->then()
#17 /home/u978867526/domains/pickapart.ae/public_html/Pickapart/API-Services/Authentication_Service/vendor/laravel/framework/src/Illuminate/Routing/Router.php(776): Illuminate\\Routing\\Router->runRouteWithinStack()
#18 /home/u978867526/domains/pickapart.ae/public_html/Pickapart/API-Services/Authentication_Service/vendor/laravel/framework/src/Illuminate/Routing/Router.php(740): Illuminate\\Routing\\Router->runRoute()
#19 /home/u978867526/domains/pickapart.ae/public_html/Pickapart/API-Services/Authentication_Service/vendor/laravel/framework/src/Illuminate/Routing/Router.php(729): Illuminate\\Routing\\Router->dispatchToRoute()
#20 /home/u978867526/domains/pickapart.ae/public_html/Pickapart/API-Services/Authentication_Service/vendor/laravel/framework/src/Illuminate/Foundation/Http/Kernel.php(190): Illuminate\\Routing\\Router->dispatch()
#21 /home/u978867526/domains/pickapart.ae/public_html/Pickapart/API-Services/Authentication_Service/vendor/laravel/framework/src/Illuminate/Pipeline/Pipeline.php(141): Illuminate\\Foundation\\Http\\Kernel->Illuminate\\Foundation\\Http\\{closure}()
#22 /home/u978867526/domains/pickapart.ae/public_html/Pickapart/API-Services/Authentication_Service/vendor/laravel/framework/src/Illuminate/Foundation/Http/Middleware/TransformsRequest.php(21): Illuminate\\Pipeline\\Pipeline->Illuminate\\Pipeline\\{closure}()
#23 /home/u978867526/domains/pickapart.ae/public_html/Pickapart/API-Services/Authentication_Service/vendor/laravel/framework/src/Illuminate/Foundation/Http/Middleware/ConvertEmptyStringsToNull.php(31): Illuminate\\Foundation\\Http\\Middleware\\TransformsRequest->handle()
#24 /home/u978867526/domains/pickapart.ae/public_html/Pickapart/API-Services/Authentication_Service/vendor/laravel/framework/src/Illuminate/Pipeline/Pipeline.php(180): Illuminate\\Foundation\\Http\\Middleware\\ConvertEmptyStringsToNull->handle()
#25 /home/u978867526/domains/pickapart.ae/public_html/Pickapart/API-Services/Authentication_Service/vendor/laravel/framework/src/Illuminate/Foundation/Http/Middleware/TransformsRequest.php(21): Illuminate\\Pipeline\\Pipeline->Illuminate\\Pipeline\\{closure}()
#26 /home/u978867526/domains/pickapart.ae/public_html/Pickapart/API-Services/Authentication_Service/vendor/laravel/framework/src/Illuminate/Foundation/Http/Middleware/TrimStrings.php(40): Illuminate\\Foundation\\Http\\Middleware\\TransformsRequest->handle()
#27 /home/u978867526/domains/pickapart.ae/public_html/Pickapart/API-Services/Authentication_Service/vendor/laravel/framework/src/Illuminate/Pipeline/Pipeline.php(180): Illuminate\\Foundation\\Http\\Middleware\\TrimStrings->handle()
#28 /home/u978867526/domains/pickapart.ae/public_html/Pickapart/API-Services/Authentication_Service/vendor/laravel/framework/src/Illuminate/Foundation/Http/Middleware/ValidatePostSize.php(27): Illuminate\\Pipeline\\Pipeline->Illuminate\\Pipeline\\{closure}()
#29 /home/u978867526/domains/pickapart.ae/public_html/Pickapart/API-Services/Authentication_Service/vendor/laravel/framework/src/Illuminate/Pipeline/Pipeline.php(180): Illuminate\\Foundation\\Http\\Middleware\\ValidatePostSize->handle()
#30 /home/u978867526/domains/pickapart.ae/public_html/Pickapart/API-Services/Authentication_Service/vendor/laravel/framework/src/Illuminate/Foundation/Http/Middleware/PreventRequestsDuringMaintenance.php(86): Illuminate\\Pipeline\\Pipeline->Illuminate\\Pipeline\\{closure}()
#31 /home/u978867526/domains/pickapart.ae/public_html/Pickapart/API-Services/Authentication_Service/vendor/laravel/framework/src/Illuminate/Pipeline/Pipeline.php(180): Illuminate\\Foundation\\Http\\Middleware\\PreventRequestsDuringMaintenance->handle()
#32 /home/u978867526/domains/pickapart.ae/public_html/Pickapart/API-Services/Authentication_Service/vendor/laravel/framework/src/Illuminate/Http/Middleware/HandleCors.php(62): Illuminate\\Pipeline\\Pipeline->Illuminate\\Pipeline\\{closure}()
#33 /home/u978867526/domains/pickapart.ae/public_html/Pickapart/API-Services/Authentication_Service/vendor/laravel/framework/src/Illuminate/Pipeline/Pipeline.php(180): Illuminate\\Http\\Middleware\\HandleCors->handle()
#34 /home/u978867526/domains/pickapart.ae/public_html/Pickapart/API-Services/Authentication_Service/vendor/laravel/framework/src/Illuminate/Http/Middleware/TrustProxies.php(39): Illuminate\\Pipeline\\Pipeline->Illuminate\\Pipeline\\{closure}()
#35 /home/u978867526/domains/pickapart.ae/public_html/Pickapart/API-Services/Authentication_Service/vendor/laravel/framework/src/Illuminate/Pipeline/Pipeline.php(180): Illuminate\\Http\\Middleware\\TrustProxies->handle()
#36 /home/u978867526/domains/pickapart.ae/public_html/Pickapart/API-Services/Authentication_Service/vendor/laravel/framework/src/Illuminate/Pipeline/Pipeline.php(116): Illuminate\\Pipeline\\Pipeline->Illuminate\\Pipeline\\{closure}()
#37 /home/u978867526/domains/pickapart.ae/public_html/Pickapart/API-Services/Authentication_Service/vendor/laravel/framework/src/Illuminate/Foundation/Http/Kernel.php(165): Illuminate\\Pipeline\\Pipeline->then()
#38 /home/u978867526/domains/pickapart.ae/public_html/Pickapart/API-Services/Authentication_Service/vendor/laravel/framework/src/Illuminate/Foundation/Http/Kernel.php(134): Illuminate\\Foundation\\Http\\Kernel->sendRequestThroughRouter()
#39 /home/u978867526/domains/pickapart.ae/public_html/Pickapart/API-Services/Authentication_Service/public/index.php(51): Illuminate\\Foundation\\Http\\Kernel->handle()
#40 {main}
"} 
[2025-06-02 11:15:23] local.INFO: isVerified: [true] 
[2025-06-03 06:05:18] local.INFO: isVerified: [true] 
[2025-06-03 10:09:26] local.INFO: isVerified: [true] 
[2025-06-06 14:25:33] local.INFO: isVerified: [true] 
[2025-06-09 06:26:51] local.INFO: ACTV451EM  
[2025-06-09 06:26:52] local.INFO: belfortechconsultants@gmail.com  
[2025-06-09 06:27:32] local.WARNING: OTP record not found or has already been used.  
[2025-06-09 06:27:32] local.INFO: isVerified: [false] 
[2025-06-09 06:28:04] local.INFO: ACTV451EM  
[2025-06-09 06:28:05] local.INFO: belfortechconsultants@gmail.com  
[2025-06-09 06:28:12] local.WARNING: OTP has expired. {"expires_at":"2025-06-09 06:27:52"} 
[2025-06-09 06:28:12] local.INFO: isVerified: [false] 
[2025-06-09 06:28:51] local.INFO: isVerified: [true] 
[2025-06-09 07:27:21] local.INFO: isVerified: [true] 
[2025-06-11 07:18:22] local.INFO: PRASS451EMA  
[2025-06-11 08:30:30] local.INFO: isVerified: [true] 
[2025-06-11 11:03:02] local.INFO: PRASS451EMA  
[2025-06-11 11:04:52] local.INFO: PRASS451EMA  
[2025-06-11 11:05:21] local.INFO: PRASS451EMA  
[2025-06-11 11:05:22] local.INFO: thaddeusonindi@gmail.com  
[2025-06-16 05:43:42] local.INFO: PRASS451EMA  
[2025-06-16 05:46:44] local.INFO: PRASS451EMA  
[2025-06-16 05:48:38] local.INFO: PRASS451EMA  
[2025-06-16 05:55:29] local.INFO: PRASS451EMA  
[2025-06-16 06:03:21] local.INFO: RPASS451EMA  
[2025-06-16 06:03:36] local.INFO: RPASS451EMA  
[2025-06-16 06:06:06] local.INFO: PRASS451EMA  
[2025-06-16 06:06:55] local.INFO: RPASS451EMA  
[2025-06-16 06:07:11] local.INFO: RPASS451EMA  
[2025-06-16 06:07:50] local.INFO: PRASS451EMA  
[2025-06-16 06:08:54] local.INFO: PRASS451EMA  
[2025-06-16 06:09:52] local.INFO: PRASS451EMA  
[2025-06-16 06:12:34] local.INFO: ACTV451EM  
[2025-06-16 06:13:13] local.WARNING: OTP record not found or has already been used.  
[2025-06-16 06:14:28] local.INFO: ACTV451EM  
[2025-06-16 06:21:04] local.INFO: PRASS451EMA  
[2025-06-16 06:21:13] local.INFO: RPASS451EMA  
[2025-06-16 06:22:55] local.INFO: RPASS451EMA  
[2025-06-16 06:23:14] local.INFO: RPASS451EMA  
[2025-06-16 06:24:59] local.INFO: PRASS451EMA  
[2025-06-16 07:42:27] local.INFO: PRASS451EMA  
[2025-06-16 07:42:28] local.INFO: rshabi510@gmail.com  
[2025-06-16 07:43:41] local.INFO: PRASS451EMA  
[2025-06-16 07:43:42] local.INFO: rshabi510@gmail.com  
[2025-06-16 07:44:09] local.INFO: PRASS451EMA  
[2025-06-16 07:44:10] local.INFO: rshabi510@gmail.com  
[2025-06-16 07:45:29] local.INFO: PRASS451EMA  
[2025-06-16 07:45:30] local.INFO: rshabi510@gmail.com  
[2025-06-16 07:50:13] local.INFO: PRASS451EMA  
[2025-06-16 07:50:13] local.INFO: rshabi510@gmail.com  
[2025-06-16 07:53:44] local.INFO: PRASS451EMA  
[2025-06-16 07:53:45] local.INFO: rshabi510@gmail.com  
[2025-06-16 07:54:38] local.INFO: PRASS451EMA  
[2025-06-16 07:54:39] local.INFO: rshabi510@gmail.com  
[2025-06-16 07:55:27] local.INFO: PRASS451EMA  
[2025-06-16 07:55:28] local.INFO: rshabi510@gmail.com  
[2025-06-16 07:56:53] local.INFO: PRASS451EMA  
[2025-06-16 07:56:54] local.INFO: zebi.biit@gmail.com  
[2025-06-16 07:57:14] local.INFO: PRASS451EMA  
[2025-06-16 07:57:14] local.INFO: zebi.biit@gmail.com  
[2025-06-16 08:11:06] local.INFO: PRASS451EMA  
[2025-06-16 08:11:07] local.INFO: rshabi510@gmail.com  
[2025-06-16 09:18:54] local.INFO: PRASS451EMA  
[2025-06-16 09:18:55] local.INFO: zebi.biit@gmail.com  
[2025-06-16 09:19:01] local.INFO: PRASS451EMA  
[2025-06-16 09:19:02] local.INFO: zebi.biit@gmail.com  
[2025-06-16 09:19:20] local.INFO: PRASS451EMA  
[2025-06-16 09:19:21] local.INFO: zebi.biit@gmail.com  
[2025-06-16 09:22:53] local.INFO: PRASS451EMA  
[2025-06-16 09:22:54] local.INFO: rshabi510@gmail.com  
[2025-06-16 09:23:39] local.INFO: PRASS451EMA  
[2025-06-16 09:23:40] local.INFO: rshabi510@gmail.com  
[2025-06-16 09:28:17] local.INFO: PRASS451EMA  
[2025-06-16 09:28:18] local.INFO: rshabi510@gmail.com  
[2025-06-16 09:31:34] local.INFO: PRASS451EMA  
[2025-06-16 09:31:34] local.INFO: rshabi510@gmail.com  
[2025-06-17 06:50:13] local.INFO: isVerified: [true] 
[2025-06-17 06:55:56] local.INFO: isVerified: [true] 
[2025-06-17 10:22:37] local.INFO: isVerified: [true] 
