[2025-05-14 09:29:24] local.ERROR: Failed to listen on "tcp://0.0.0.0:8080": Address already in use (EADDRINUSE) {"exception":"[object] (RuntimeException(code: 98): Failed to listen on \"tcp://0.0.0.0:8080\": Address already in use (EADDRINUSE) at /home/api-magangment-service.pickapart.ae/public_html/vendor/react/socket/src/TcpServer.php:188)
[stacktrace]
#0 /home/api-magangment-service.pickapart.ae/public_html/vendor/react/socket/src/SocketServer.php(65): React\\Socket\\TcpServer->__construct()
#1 /home/api-magangment-service.pickapart.ae/public_html/vendor/laravel/reverb/src/Servers/Reverb/Factory.php(61): React\\Socket\\SocketServer->__construct()
#2 /home/api-magangment-service.pickapart.ae/public_html/vendor/laravel/reverb/src/Servers/Reverb/Console/Commands/StartServer.php(58): Laravel\\Reverb\\Servers\\Reverb\\Factory::make()
#3 /home/api-magangment-service.pickapart.ae/public_html/vendor/laravel/framework/src/Illuminate/Container/BoundMethod.php(36): Laravel\\Reverb\\Servers\\Reverb\\Console\\Commands\\StartServer->handle()
#4 /home/api-magangment-service.pickapart.ae/public_html/vendor/laravel/framework/src/Illuminate/Container/Util.php(43): Illuminate\\Container\\BoundMethod::Illuminate\\Container\\{closure}()
#5 /home/api-magangment-service.pickapart.ae/public_html/vendor/laravel/framework/src/Illuminate/Container/BoundMethod.php(95): Illuminate\\Container\\Util::unwrapIfClosure()
#6 /home/api-magangment-service.pickapart.ae/public_html/vendor/laravel/framework/src/Illuminate/Container/BoundMethod.php(35): Illuminate\\Container\\BoundMethod::callBoundMethod()
#7 /home/api-magangment-service.pickapart.ae/public_html/vendor/laravel/framework/src/Illuminate/Container/Container.php(690): Illuminate\\Container\\BoundMethod::call()
#8 /home/api-magangment-service.pickapart.ae/public_html/vendor/laravel/framework/src/Illuminate/Console/Command.php(213): Illuminate\\Container\\Container->call()
#9 /home/api-magangment-service.pickapart.ae/public_html/vendor/symfony/console/Command/Command.php(279): Illuminate\\Console\\Command->execute()
#10 /home/api-magangment-service.pickapart.ae/public_html/vendor/laravel/framework/src/Illuminate/Console/Command.php(182): Symfony\\Component\\Console\\Command\\Command->run()
#11 /home/api-magangment-service.pickapart.ae/public_html/vendor/symfony/console/Application.php(1047): Illuminate\\Console\\Command->run()
#12 /home/api-magangment-service.pickapart.ae/public_html/vendor/symfony/console/Application.php(316): Symfony\\Component\\Console\\Application->doRunCommand()
#13 /home/api-magangment-service.pickapart.ae/public_html/vendor/symfony/console/Application.php(167): Symfony\\Component\\Console\\Application->doRun()
#14 /home/api-magangment-service.pickapart.ae/public_html/vendor/laravel/framework/src/Illuminate/Foundation/Console/Kernel.php(197): Symfony\\Component\\Console\\Application->run()
#15 /home/api-magangment-service.pickapart.ae/public_html/vendor/laravel/framework/src/Illuminate/Foundation/Application.php(1205): Illuminate\\Foundation\\Console\\Kernel->handle()
#16 /home/api-magangment-service.pickapart.ae/public_html/artisan(13): Illuminate\\Foundation\\Application->handleCommand()
#17 {main}
"} 
[2025-05-14 09:29:25] local.ERROR: Failed to listen on "tcp://0.0.0.0:8080": Address already in use (EADDRINUSE) {"exception":"[object] (RuntimeException(code: 98): Failed to listen on \"tcp://0.0.0.0:8080\": Address already in use (EADDRINUSE) at /home/api-magangment-service.pickapart.ae/public_html/vendor/react/socket/src/TcpServer.php:188)
[stacktrace]
#0 /home/api-magangment-service.pickapart.ae/public_html/vendor/react/socket/src/SocketServer.php(65): React\\Socket\\TcpServer->__construct()
#1 /home/api-magangment-service.pickapart.ae/public_html/vendor/laravel/reverb/src/Servers/Reverb/Factory.php(61): React\\Socket\\SocketServer->__construct()
#2 /home/api-magangment-service.pickapart.ae/public_html/vendor/laravel/reverb/src/Servers/Reverb/Console/Commands/StartServer.php(58): Laravel\\Reverb\\Servers\\Reverb\\Factory::make()
#3 /home/api-magangment-service.pickapart.ae/public_html/vendor/laravel/framework/src/Illuminate/Container/BoundMethod.php(36): Laravel\\Reverb\\Servers\\Reverb\\Console\\Commands\\StartServer->handle()
#4 /home/api-magangment-service.pickapart.ae/public_html/vendor/laravel/framework/src/Illuminate/Container/Util.php(43): Illuminate\\Container\\BoundMethod::Illuminate\\Container\\{closure}()
#5 /home/api-magangment-service.pickapart.ae/public_html/vendor/laravel/framework/src/Illuminate/Container/BoundMethod.php(95): Illuminate\\Container\\Util::unwrapIfClosure()
#6 /home/api-magangment-service.pickapart.ae/public_html/vendor/laravel/framework/src/Illuminate/Container/BoundMethod.php(35): Illuminate\\Container\\BoundMethod::callBoundMethod()
#7 /home/api-magangment-service.pickapart.ae/public_html/vendor/laravel/framework/src/Illuminate/Container/Container.php(690): Illuminate\\Container\\BoundMethod::call()
#8 /home/api-magangment-service.pickapart.ae/public_html/vendor/laravel/framework/src/Illuminate/Console/Command.php(213): Illuminate\\Container\\Container->call()
#9 /home/api-magangment-service.pickapart.ae/public_html/vendor/symfony/console/Command/Command.php(279): Illuminate\\Console\\Command->execute()
#10 /home/api-magangment-service.pickapart.ae/public_html/vendor/laravel/framework/src/Illuminate/Console/Command.php(182): Symfony\\Component\\Console\\Command\\Command->run()
#11 /home/api-magangment-service.pickapart.ae/public_html/vendor/symfony/console/Application.php(1047): Illuminate\\Console\\Command->run()
#12 /home/api-magangment-service.pickapart.ae/public_html/vendor/symfony/console/Application.php(316): Symfony\\Component\\Console\\Application->doRunCommand()
#13 /home/api-magangment-service.pickapart.ae/public_html/vendor/symfony/console/Application.php(167): Symfony\\Component\\Console\\Application->doRun()
#14 /home/api-magangment-service.pickapart.ae/public_html/vendor/laravel/framework/src/Illuminate/Foundation/Console/Kernel.php(197): Symfony\\Component\\Console\\Application->run()
#15 /home/api-magangment-service.pickapart.ae/public_html/vendor/laravel/framework/src/Illuminate/Foundation/Application.php(1205): Illuminate\\Foundation\\Console\\Kernel->handle()
#16 /home/api-magangment-service.pickapart.ae/public_html/artisan(13): Illuminate\\Foundation\\Application->handleCommand()
#17 {main}
"} 
[2025-05-14 09:29:27] local.ERROR: Failed to listen on "tcp://0.0.0.0:8080": Address already in use (EADDRINUSE) {"exception":"[object] (RuntimeException(code: 98): Failed to listen on \"tcp://0.0.0.0:8080\": Address already in use (EADDRINUSE) at /home/api-magangment-service.pickapart.ae/public_html/vendor/react/socket/src/TcpServer.php:188)
[stacktrace]
#0 /home/api-magangment-service.pickapart.ae/public_html/vendor/react/socket/src/SocketServer.php(65): React\\Socket\\TcpServer->__construct()
#1 /home/api-magangment-service.pickapart.ae/public_html/vendor/laravel/reverb/src/Servers/Reverb/Factory.php(61): React\\Socket\\SocketServer->__construct()
#2 /home/api-magangment-service.pickapart.ae/public_html/vendor/laravel/reverb/src/Servers/Reverb/Console/Commands/StartServer.php(58): Laravel\\Reverb\\Servers\\Reverb\\Factory::make()
#3 /home/api-magangment-service.pickapart.ae/public_html/vendor/laravel/framework/src/Illuminate/Container/BoundMethod.php(36): Laravel\\Reverb\\Servers\\Reverb\\Console\\Commands\\StartServer->handle()
#4 /home/api-magangment-service.pickapart.ae/public_html/vendor/laravel/framework/src/Illuminate/Container/Util.php(43): Illuminate\\Container\\BoundMethod::Illuminate\\Container\\{closure}()
#5 /home/api-magangment-service.pickapart.ae/public_html/vendor/laravel/framework/src/Illuminate/Container/BoundMethod.php(95): Illuminate\\Container\\Util::unwrapIfClosure()
#6 /home/api-magangment-service.pickapart.ae/public_html/vendor/laravel/framework/src/Illuminate/Container/BoundMethod.php(35): Illuminate\\Container\\BoundMethod::callBoundMethod()
#7 /home/api-magangment-service.pickapart.ae/public_html/vendor/laravel/framework/src/Illuminate/Container/Container.php(690): Illuminate\\Container\\BoundMethod::call()
#8 /home/api-magangment-service.pickapart.ae/public_html/vendor/laravel/framework/src/Illuminate/Console/Command.php(213): Illuminate\\Container\\Container->call()
#9 /home/api-magangment-service.pickapart.ae/public_html/vendor/symfony/console/Command/Command.php(279): Illuminate\\Console\\Command->execute()
#10 /home/api-magangment-service.pickapart.ae/public_html/vendor/laravel/framework/src/Illuminate/Console/Command.php(182): Symfony\\Component\\Console\\Command\\Command->run()
#11 /home/api-magangment-service.pickapart.ae/public_html/vendor/symfony/console/Application.php(1047): Illuminate\\Console\\Command->run()
#12 /home/api-magangment-service.pickapart.ae/public_html/vendor/symfony/console/Application.php(316): Symfony\\Component\\Console\\Application->doRunCommand()
#13 /home/api-magangment-service.pickapart.ae/public_html/vendor/symfony/console/Application.php(167): Symfony\\Component\\Console\\Application->doRun()
#14 /home/api-magangment-service.pickapart.ae/public_html/vendor/laravel/framework/src/Illuminate/Foundation/Console/Kernel.php(197): Symfony\\Component\\Console\\Application->run()
#15 /home/api-magangment-service.pickapart.ae/public_html/vendor/laravel/framework/src/Illuminate/Foundation/Application.php(1205): Illuminate\\Foundation\\Console\\Kernel->handle()
#16 /home/api-magangment-service.pickapart.ae/public_html/artisan(13): Illuminate\\Foundation\\Application->handleCommand()
#17 {main}
"} 
[2025-05-14 09:29:32] local.ERROR: Failed to listen on "tcp://0.0.0.0:8080": Address already in use (EADDRINUSE) {"exception":"[object] (RuntimeException(code: 98): Failed to listen on \"tcp://0.0.0.0:8080\": Address already in use (EADDRINUSE) at /home/api-magangment-service.pickapart.ae/public_html/vendor/react/socket/src/TcpServer.php:188)
[stacktrace]
#0 /home/api-magangment-service.pickapart.ae/public_html/vendor/react/socket/src/SocketServer.php(65): React\\Socket\\TcpServer->__construct()
#1 /home/api-magangment-service.pickapart.ae/public_html/vendor/laravel/reverb/src/Servers/Reverb/Factory.php(61): React\\Socket\\SocketServer->__construct()
#2 /home/api-magangment-service.pickapart.ae/public_html/vendor/laravel/reverb/src/Servers/Reverb/Console/Commands/StartServer.php(58): Laravel\\Reverb\\Servers\\Reverb\\Factory::make()
#3 /home/api-magangment-service.pickapart.ae/public_html/vendor/laravel/framework/src/Illuminate/Container/BoundMethod.php(36): Laravel\\Reverb\\Servers\\Reverb\\Console\\Commands\\StartServer->handle()
#4 /home/api-magangment-service.pickapart.ae/public_html/vendor/laravel/framework/src/Illuminate/Container/Util.php(43): Illuminate\\Container\\BoundMethod::Illuminate\\Container\\{closure}()
#5 /home/api-magangment-service.pickapart.ae/public_html/vendor/laravel/framework/src/Illuminate/Container/BoundMethod.php(95): Illuminate\\Container\\Util::unwrapIfClosure()
#6 /home/api-magangment-service.pickapart.ae/public_html/vendor/laravel/framework/src/Illuminate/Container/BoundMethod.php(35): Illuminate\\Container\\BoundMethod::callBoundMethod()
#7 /home/api-magangment-service.pickapart.ae/public_html/vendor/laravel/framework/src/Illuminate/Container/Container.php(690): Illuminate\\Container\\BoundMethod::call()
#8 /home/api-magangment-service.pickapart.ae/public_html/vendor/laravel/framework/src/Illuminate/Console/Command.php(213): Illuminate\\Container\\Container->call()
#9 /home/api-magangment-service.pickapart.ae/public_html/vendor/symfony/console/Command/Command.php(279): Illuminate\\Console\\Command->execute()
#10 /home/api-magangment-service.pickapart.ae/public_html/vendor/laravel/framework/src/Illuminate/Console/Command.php(182): Symfony\\Component\\Console\\Command\\Command->run()
#11 /home/api-magangment-service.pickapart.ae/public_html/vendor/symfony/console/Application.php(1047): Illuminate\\Console\\Command->run()
#12 /home/api-magangment-service.pickapart.ae/public_html/vendor/symfony/console/Application.php(316): Symfony\\Component\\Console\\Application->doRunCommand()
#13 /home/api-magangment-service.pickapart.ae/public_html/vendor/symfony/console/Application.php(167): Symfony\\Component\\Console\\Application->doRun()
#14 /home/api-magangment-service.pickapart.ae/public_html/vendor/laravel/framework/src/Illuminate/Foundation/Console/Kernel.php(197): Symfony\\Component\\Console\\Application->run()
#15 /home/api-magangment-service.pickapart.ae/public_html/vendor/laravel/framework/src/Illuminate/Foundation/Application.php(1205): Illuminate\\Foundation\\Console\\Kernel->handle()
#16 /home/api-magangment-service.pickapart.ae/public_html/artisan(13): Illuminate\\Foundation\\Application->handleCommand()
#17 {main}
"} 
[2025-05-14 09:29:40] local.ERROR: Failed to listen on "tcp://0.0.0.0:8080": Address already in use (EADDRINUSE) {"exception":"[object] (RuntimeException(code: 98): Failed to listen on \"tcp://0.0.0.0:8080\": Address already in use (EADDRINUSE) at /home/api-magangment-service.pickapart.ae/public_html/vendor/react/socket/src/TcpServer.php:188)
[stacktrace]
#0 /home/api-magangment-service.pickapart.ae/public_html/vendor/react/socket/src/SocketServer.php(65): React\\Socket\\TcpServer->__construct()
#1 /home/api-magangment-service.pickapart.ae/public_html/vendor/laravel/reverb/src/Servers/Reverb/Factory.php(61): React\\Socket\\SocketServer->__construct()
#2 /home/api-magangment-service.pickapart.ae/public_html/vendor/laravel/reverb/src/Servers/Reverb/Console/Commands/StartServer.php(58): Laravel\\Reverb\\Servers\\Reverb\\Factory::make()
#3 /home/api-magangment-service.pickapart.ae/public_html/vendor/laravel/framework/src/Illuminate/Container/BoundMethod.php(36): Laravel\\Reverb\\Servers\\Reverb\\Console\\Commands\\StartServer->handle()
#4 /home/api-magangment-service.pickapart.ae/public_html/vendor/laravel/framework/src/Illuminate/Container/Util.php(43): Illuminate\\Container\\BoundMethod::Illuminate\\Container\\{closure}()
#5 /home/api-magangment-service.pickapart.ae/public_html/vendor/laravel/framework/src/Illuminate/Container/BoundMethod.php(95): Illuminate\\Container\\Util::unwrapIfClosure()
#6 /home/api-magangment-service.pickapart.ae/public_html/vendor/laravel/framework/src/Illuminate/Container/BoundMethod.php(35): Illuminate\\Container\\BoundMethod::callBoundMethod()
#7 /home/api-magangment-service.pickapart.ae/public_html/vendor/laravel/framework/src/Illuminate/Container/Container.php(690): Illuminate\\Container\\BoundMethod::call()
#8 /home/api-magangment-service.pickapart.ae/public_html/vendor/laravel/framework/src/Illuminate/Console/Command.php(213): Illuminate\\Container\\Container->call()
#9 /home/api-magangment-service.pickapart.ae/public_html/vendor/symfony/console/Command/Command.php(279): Illuminate\\Console\\Command->execute()
#10 /home/api-magangment-service.pickapart.ae/public_html/vendor/laravel/framework/src/Illuminate/Console/Command.php(182): Symfony\\Component\\Console\\Command\\Command->run()
#11 /home/api-magangment-service.pickapart.ae/public_html/vendor/symfony/console/Application.php(1047): Illuminate\\Console\\Command->run()
#12 /home/api-magangment-service.pickapart.ae/public_html/vendor/symfony/console/Application.php(316): Symfony\\Component\\Console\\Application->doRunCommand()
#13 /home/api-magangment-service.pickapart.ae/public_html/vendor/symfony/console/Application.php(167): Symfony\\Component\\Console\\Application->doRun()
#14 /home/api-magangment-service.pickapart.ae/public_html/vendor/laravel/framework/src/Illuminate/Foundation/Console/Kernel.php(197): Symfony\\Component\\Console\\Application->run()
#15 /home/api-magangment-service.pickapart.ae/public_html/vendor/laravel/framework/src/Illuminate/Foundation/Application.php(1205): Illuminate\\Foundation\\Console\\Kernel->handle()
#16 /home/api-magangment-service.pickapart.ae/public_html/artisan(13): Illuminate\\Foundation\\Application->handleCommand()
#17 {main}
"} 
[2025-05-14 09:29:42] local.ERROR: Failed to listen on "tcp://0.0.0.0:8080": Address already in use (EADDRINUSE) {"exception":"[object] (RuntimeException(code: 98): Failed to listen on \"tcp://0.0.0.0:8080\": Address already in use (EADDRINUSE) at /home/api-magangment-service.pickapart.ae/public_html/vendor/react/socket/src/TcpServer.php:188)
[stacktrace]
#0 /home/api-magangment-service.pickapart.ae/public_html/vendor/react/socket/src/SocketServer.php(65): React\\Socket\\TcpServer->__construct()
#1 /home/api-magangment-service.pickapart.ae/public_html/vendor/laravel/reverb/src/Servers/Reverb/Factory.php(61): React\\Socket\\SocketServer->__construct()
#2 /home/api-magangment-service.pickapart.ae/public_html/vendor/laravel/reverb/src/Servers/Reverb/Console/Commands/StartServer.php(58): Laravel\\Reverb\\Servers\\Reverb\\Factory::make()
#3 /home/api-magangment-service.pickapart.ae/public_html/vendor/laravel/framework/src/Illuminate/Container/BoundMethod.php(36): Laravel\\Reverb\\Servers\\Reverb\\Console\\Commands\\StartServer->handle()
#4 /home/api-magangment-service.pickapart.ae/public_html/vendor/laravel/framework/src/Illuminate/Container/Util.php(43): Illuminate\\Container\\BoundMethod::Illuminate\\Container\\{closure}()
#5 /home/api-magangment-service.pickapart.ae/public_html/vendor/laravel/framework/src/Illuminate/Container/BoundMethod.php(95): Illuminate\\Container\\Util::unwrapIfClosure()
#6 /home/api-magangment-service.pickapart.ae/public_html/vendor/laravel/framework/src/Illuminate/Container/BoundMethod.php(35): Illuminate\\Container\\BoundMethod::callBoundMethod()
#7 /home/api-magangment-service.pickapart.ae/public_html/vendor/laravel/framework/src/Illuminate/Container/Container.php(690): Illuminate\\Container\\BoundMethod::call()
#8 /home/api-magangment-service.pickapart.ae/public_html/vendor/laravel/framework/src/Illuminate/Console/Command.php(213): Illuminate\\Container\\Container->call()
#9 /home/api-magangment-service.pickapart.ae/public_html/vendor/symfony/console/Command/Command.php(279): Illuminate\\Console\\Command->execute()
#10 /home/api-magangment-service.pickapart.ae/public_html/vendor/laravel/framework/src/Illuminate/Console/Command.php(182): Symfony\\Component\\Console\\Command\\Command->run()
#11 /home/api-magangment-service.pickapart.ae/public_html/vendor/symfony/console/Application.php(1047): Illuminate\\Console\\Command->run()
#12 /home/api-magangment-service.pickapart.ae/public_html/vendor/symfony/console/Application.php(316): Symfony\\Component\\Console\\Application->doRunCommand()
#13 /home/api-magangment-service.pickapart.ae/public_html/vendor/symfony/console/Application.php(167): Symfony\\Component\\Console\\Application->doRun()
#14 /home/api-magangment-service.pickapart.ae/public_html/vendor/laravel/framework/src/Illuminate/Foundation/Console/Kernel.php(197): Symfony\\Component\\Console\\Application->run()
#15 /home/api-magangment-service.pickapart.ae/public_html/vendor/laravel/framework/src/Illuminate/Foundation/Application.php(1205): Illuminate\\Foundation\\Console\\Kernel->handle()
#16 /home/api-magangment-service.pickapart.ae/public_html/artisan(13): Illuminate\\Foundation\\Application->handleCommand()
#17 {main}
"} 
[2025-05-14 09:29:44] local.ERROR: Failed to listen on "tcp://0.0.0.0:8080": Address already in use (EADDRINUSE) {"exception":"[object] (RuntimeException(code: 98): Failed to listen on \"tcp://0.0.0.0:8080\": Address already in use (EADDRINUSE) at /home/api-magangment-service.pickapart.ae/public_html/vendor/react/socket/src/TcpServer.php:188)
[stacktrace]
#0 /home/api-magangment-service.pickapart.ae/public_html/vendor/react/socket/src/SocketServer.php(65): React\\Socket\\TcpServer->__construct()
#1 /home/api-magangment-service.pickapart.ae/public_html/vendor/laravel/reverb/src/Servers/Reverb/Factory.php(61): React\\Socket\\SocketServer->__construct()
#2 /home/api-magangment-service.pickapart.ae/public_html/vendor/laravel/reverb/src/Servers/Reverb/Console/Commands/StartServer.php(58): Laravel\\Reverb\\Servers\\Reverb\\Factory::make()
#3 /home/api-magangment-service.pickapart.ae/public_html/vendor/laravel/framework/src/Illuminate/Container/BoundMethod.php(36): Laravel\\Reverb\\Servers\\Reverb\\Console\\Commands\\StartServer->handle()
#4 /home/api-magangment-service.pickapart.ae/public_html/vendor/laravel/framework/src/Illuminate/Container/Util.php(43): Illuminate\\Container\\BoundMethod::Illuminate\\Container\\{closure}()
#5 /home/api-magangment-service.pickapart.ae/public_html/vendor/laravel/framework/src/Illuminate/Container/BoundMethod.php(95): Illuminate\\Container\\Util::unwrapIfClosure()
#6 /home/api-magangment-service.pickapart.ae/public_html/vendor/laravel/framework/src/Illuminate/Container/BoundMethod.php(35): Illuminate\\Container\\BoundMethod::callBoundMethod()
#7 /home/api-magangment-service.pickapart.ae/public_html/vendor/laravel/framework/src/Illuminate/Container/Container.php(690): Illuminate\\Container\\BoundMethod::call()
#8 /home/api-magangment-service.pickapart.ae/public_html/vendor/laravel/framework/src/Illuminate/Console/Command.php(213): Illuminate\\Container\\Container->call()
#9 /home/api-magangment-service.pickapart.ae/public_html/vendor/symfony/console/Command/Command.php(279): Illuminate\\Console\\Command->execute()
#10 /home/api-magangment-service.pickapart.ae/public_html/vendor/laravel/framework/src/Illuminate/Console/Command.php(182): Symfony\\Component\\Console\\Command\\Command->run()
#11 /home/api-magangment-service.pickapart.ae/public_html/vendor/symfony/console/Application.php(1047): Illuminate\\Console\\Command->run()
#12 /home/api-magangment-service.pickapart.ae/public_html/vendor/symfony/console/Application.php(316): Symfony\\Component\\Console\\Application->doRunCommand()
#13 /home/api-magangment-service.pickapart.ae/public_html/vendor/symfony/console/Application.php(167): Symfony\\Component\\Console\\Application->doRun()
#14 /home/api-magangment-service.pickapart.ae/public_html/vendor/laravel/framework/src/Illuminate/Foundation/Console/Kernel.php(197): Symfony\\Component\\Console\\Application->run()
#15 /home/api-magangment-service.pickapart.ae/public_html/vendor/laravel/framework/src/Illuminate/Foundation/Application.php(1205): Illuminate\\Foundation\\Console\\Kernel->handle()
#16 /home/api-magangment-service.pickapart.ae/public_html/artisan(13): Illuminate\\Foundation\\Application->handleCommand()
#17 {main}
"} 
[2025-05-14 09:29:47] local.ERROR: Failed to listen on "tcp://0.0.0.0:8080": Address already in use (EADDRINUSE) {"exception":"[object] (RuntimeException(code: 98): Failed to listen on \"tcp://0.0.0.0:8080\": Address already in use (EADDRINUSE) at /home/api-magangment-service.pickapart.ae/public_html/vendor/react/socket/src/TcpServer.php:188)
[stacktrace]
#0 /home/api-magangment-service.pickapart.ae/public_html/vendor/react/socket/src/SocketServer.php(65): React\\Socket\\TcpServer->__construct()
#1 /home/api-magangment-service.pickapart.ae/public_html/vendor/laravel/reverb/src/Servers/Reverb/Factory.php(61): React\\Socket\\SocketServer->__construct()
#2 /home/api-magangment-service.pickapart.ae/public_html/vendor/laravel/reverb/src/Servers/Reverb/Console/Commands/StartServer.php(58): Laravel\\Reverb\\Servers\\Reverb\\Factory::make()
#3 /home/api-magangment-service.pickapart.ae/public_html/vendor/laravel/framework/src/Illuminate/Container/BoundMethod.php(36): Laravel\\Reverb\\Servers\\Reverb\\Console\\Commands\\StartServer->handle()
#4 /home/api-magangment-service.pickapart.ae/public_html/vendor/laravel/framework/src/Illuminate/Container/Util.php(43): Illuminate\\Container\\BoundMethod::Illuminate\\Container\\{closure}()
#5 /home/api-magangment-service.pickapart.ae/public_html/vendor/laravel/framework/src/Illuminate/Container/BoundMethod.php(95): Illuminate\\Container\\Util::unwrapIfClosure()
#6 /home/api-magangment-service.pickapart.ae/public_html/vendor/laravel/framework/src/Illuminate/Container/BoundMethod.php(35): Illuminate\\Container\\BoundMethod::callBoundMethod()
#7 /home/api-magangment-service.pickapart.ae/public_html/vendor/laravel/framework/src/Illuminate/Container/Container.php(690): Illuminate\\Container\\BoundMethod::call()
#8 /home/api-magangment-service.pickapart.ae/public_html/vendor/laravel/framework/src/Illuminate/Console/Command.php(213): Illuminate\\Container\\Container->call()
#9 /home/api-magangment-service.pickapart.ae/public_html/vendor/symfony/console/Command/Command.php(279): Illuminate\\Console\\Command->execute()
#10 /home/api-magangment-service.pickapart.ae/public_html/vendor/laravel/framework/src/Illuminate/Console/Command.php(182): Symfony\\Component\\Console\\Command\\Command->run()
#11 /home/api-magangment-service.pickapart.ae/public_html/vendor/symfony/console/Application.php(1047): Illuminate\\Console\\Command->run()
#12 /home/api-magangment-service.pickapart.ae/public_html/vendor/symfony/console/Application.php(316): Symfony\\Component\\Console\\Application->doRunCommand()
#13 /home/api-magangment-service.pickapart.ae/public_html/vendor/symfony/console/Application.php(167): Symfony\\Component\\Console\\Application->doRun()
#14 /home/api-magangment-service.pickapart.ae/public_html/vendor/laravel/framework/src/Illuminate/Foundation/Console/Kernel.php(197): Symfony\\Component\\Console\\Application->run()
#15 /home/api-magangment-service.pickapart.ae/public_html/vendor/laravel/framework/src/Illuminate/Foundation/Application.php(1205): Illuminate\\Foundation\\Console\\Kernel->handle()
#16 /home/api-magangment-service.pickapart.ae/public_html/artisan(13): Illuminate\\Foundation\\Application->handleCommand()
#17 {main}
"} 
[2025-05-14 10:38:10] local.ERROR: Failed to listen on "tcp://0.0.0.0:8080": Address already in use (EADDRINUSE) {"exception":"[object] (RuntimeException(code: 98): Failed to listen on \"tcp://0.0.0.0:8080\": Address already in use (EADDRINUSE) at /home/api-magangment-service.pickapart.ae/public_html/vendor/react/socket/src/TcpServer.php:188)
[stacktrace]
#0 /home/api-magangment-service.pickapart.ae/public_html/vendor/react/socket/src/SocketServer.php(65): React\\Socket\\TcpServer->__construct()
#1 /home/api-magangment-service.pickapart.ae/public_html/vendor/laravel/reverb/src/Servers/Reverb/Factory.php(61): React\\Socket\\SocketServer->__construct()
#2 /home/api-magangment-service.pickapart.ae/public_html/vendor/laravel/reverb/src/Servers/Reverb/Console/Commands/StartServer.php(58): Laravel\\Reverb\\Servers\\Reverb\\Factory::make()
#3 /home/api-magangment-service.pickapart.ae/public_html/vendor/laravel/framework/src/Illuminate/Container/BoundMethod.php(36): Laravel\\Reverb\\Servers\\Reverb\\Console\\Commands\\StartServer->handle()
#4 /home/api-magangment-service.pickapart.ae/public_html/vendor/laravel/framework/src/Illuminate/Container/Util.php(43): Illuminate\\Container\\BoundMethod::Illuminate\\Container\\{closure}()
#5 /home/api-magangment-service.pickapart.ae/public_html/vendor/laravel/framework/src/Illuminate/Container/BoundMethod.php(95): Illuminate\\Container\\Util::unwrapIfClosure()
#6 /home/api-magangment-service.pickapart.ae/public_html/vendor/laravel/framework/src/Illuminate/Container/BoundMethod.php(35): Illuminate\\Container\\BoundMethod::callBoundMethod()
#7 /home/api-magangment-service.pickapart.ae/public_html/vendor/laravel/framework/src/Illuminate/Container/Container.php(690): Illuminate\\Container\\BoundMethod::call()
#8 /home/api-magangment-service.pickapart.ae/public_html/vendor/laravel/framework/src/Illuminate/Console/Command.php(213): Illuminate\\Container\\Container->call()
#9 /home/api-magangment-service.pickapart.ae/public_html/vendor/symfony/console/Command/Command.php(279): Illuminate\\Console\\Command->execute()
#10 /home/api-magangment-service.pickapart.ae/public_html/vendor/laravel/framework/src/Illuminate/Console/Command.php(182): Symfony\\Component\\Console\\Command\\Command->run()
#11 /home/api-magangment-service.pickapart.ae/public_html/vendor/symfony/console/Application.php(1047): Illuminate\\Console\\Command->run()
#12 /home/api-magangment-service.pickapart.ae/public_html/vendor/symfony/console/Application.php(316): Symfony\\Component\\Console\\Application->doRunCommand()
#13 /home/api-magangment-service.pickapart.ae/public_html/vendor/symfony/console/Application.php(167): Symfony\\Component\\Console\\Application->doRun()
#14 /home/api-magangment-service.pickapart.ae/public_html/vendor/laravel/framework/src/Illuminate/Foundation/Console/Kernel.php(197): Symfony\\Component\\Console\\Application->run()
#15 /home/api-magangment-service.pickapart.ae/public_html/vendor/laravel/framework/src/Illuminate/Foundation/Application.php(1205): Illuminate\\Foundation\\Console\\Kernel->handle()
#16 /home/api-magangment-service.pickapart.ae/public_html/artisan(13): Illuminate\\Foundation\\Application->handleCommand()
#17 {main}
"} 
[2025-05-14 10:38:11] local.ERROR: Failed to listen on "tcp://0.0.0.0:8080": Address already in use (EADDRINUSE) {"exception":"[object] (RuntimeException(code: 98): Failed to listen on \"tcp://0.0.0.0:8080\": Address already in use (EADDRINUSE) at /home/api-magangment-service.pickapart.ae/public_html/vendor/react/socket/src/TcpServer.php:188)
[stacktrace]
#0 /home/api-magangment-service.pickapart.ae/public_html/vendor/react/socket/src/SocketServer.php(65): React\\Socket\\TcpServer->__construct()
#1 /home/api-magangment-service.pickapart.ae/public_html/vendor/laravel/reverb/src/Servers/Reverb/Factory.php(61): React\\Socket\\SocketServer->__construct()
#2 /home/api-magangment-service.pickapart.ae/public_html/vendor/laravel/reverb/src/Servers/Reverb/Console/Commands/StartServer.php(58): Laravel\\Reverb\\Servers\\Reverb\\Factory::make()
#3 /home/api-magangment-service.pickapart.ae/public_html/vendor/laravel/framework/src/Illuminate/Container/BoundMethod.php(36): Laravel\\Reverb\\Servers\\Reverb\\Console\\Commands\\StartServer->handle()
#4 /home/api-magangment-service.pickapart.ae/public_html/vendor/laravel/framework/src/Illuminate/Container/Util.php(43): Illuminate\\Container\\BoundMethod::Illuminate\\Container\\{closure}()
#5 /home/api-magangment-service.pickapart.ae/public_html/vendor/laravel/framework/src/Illuminate/Container/BoundMethod.php(95): Illuminate\\Container\\Util::unwrapIfClosure()
#6 /home/api-magangment-service.pickapart.ae/public_html/vendor/laravel/framework/src/Illuminate/Container/BoundMethod.php(35): Illuminate\\Container\\BoundMethod::callBoundMethod()
#7 /home/api-magangment-service.pickapart.ae/public_html/vendor/laravel/framework/src/Illuminate/Container/Container.php(690): Illuminate\\Container\\BoundMethod::call()
#8 /home/api-magangment-service.pickapart.ae/public_html/vendor/laravel/framework/src/Illuminate/Console/Command.php(213): Illuminate\\Container\\Container->call()
#9 /home/api-magangment-service.pickapart.ae/public_html/vendor/symfony/console/Command/Command.php(279): Illuminate\\Console\\Command->execute()
#10 /home/api-magangment-service.pickapart.ae/public_html/vendor/laravel/framework/src/Illuminate/Console/Command.php(182): Symfony\\Component\\Console\\Command\\Command->run()
#11 /home/api-magangment-service.pickapart.ae/public_html/vendor/symfony/console/Application.php(1047): Illuminate\\Console\\Command->run()
#12 /home/api-magangment-service.pickapart.ae/public_html/vendor/symfony/console/Application.php(316): Symfony\\Component\\Console\\Application->doRunCommand()
#13 /home/api-magangment-service.pickapart.ae/public_html/vendor/symfony/console/Application.php(167): Symfony\\Component\\Console\\Application->doRun()
#14 /home/api-magangment-service.pickapart.ae/public_html/vendor/laravel/framework/src/Illuminate/Foundation/Console/Kernel.php(197): Symfony\\Component\\Console\\Application->run()
#15 /home/api-magangment-service.pickapart.ae/public_html/vendor/laravel/framework/src/Illuminate/Foundation/Application.php(1205): Illuminate\\Foundation\\Console\\Kernel->handle()
#16 /home/api-magangment-service.pickapart.ae/public_html/artisan(13): Illuminate\\Foundation\\Application->handleCommand()
#17 {main}
"} 
[2025-05-14 10:38:14] local.ERROR: Failed to listen on "tcp://0.0.0.0:8080": Address already in use (EADDRINUSE) {"exception":"[object] (RuntimeException(code: 98): Failed to listen on \"tcp://0.0.0.0:8080\": Address already in use (EADDRINUSE) at /home/api-magangment-service.pickapart.ae/public_html/vendor/react/socket/src/TcpServer.php:188)
[stacktrace]
#0 /home/api-magangment-service.pickapart.ae/public_html/vendor/react/socket/src/SocketServer.php(65): React\\Socket\\TcpServer->__construct()
#1 /home/api-magangment-service.pickapart.ae/public_html/vendor/laravel/reverb/src/Servers/Reverb/Factory.php(61): React\\Socket\\SocketServer->__construct()
#2 /home/api-magangment-service.pickapart.ae/public_html/vendor/laravel/reverb/src/Servers/Reverb/Console/Commands/StartServer.php(58): Laravel\\Reverb\\Servers\\Reverb\\Factory::make()
#3 /home/api-magangment-service.pickapart.ae/public_html/vendor/laravel/framework/src/Illuminate/Container/BoundMethod.php(36): Laravel\\Reverb\\Servers\\Reverb\\Console\\Commands\\StartServer->handle()
#4 /home/api-magangment-service.pickapart.ae/public_html/vendor/laravel/framework/src/Illuminate/Container/Util.php(43): Illuminate\\Container\\BoundMethod::Illuminate\\Container\\{closure}()
#5 /home/api-magangment-service.pickapart.ae/public_html/vendor/laravel/framework/src/Illuminate/Container/BoundMethod.php(95): Illuminate\\Container\\Util::unwrapIfClosure()
#6 /home/api-magangment-service.pickapart.ae/public_html/vendor/laravel/framework/src/Illuminate/Container/BoundMethod.php(35): Illuminate\\Container\\BoundMethod::callBoundMethod()
#7 /home/api-magangment-service.pickapart.ae/public_html/vendor/laravel/framework/src/Illuminate/Container/Container.php(690): Illuminate\\Container\\BoundMethod::call()
#8 /home/api-magangment-service.pickapart.ae/public_html/vendor/laravel/framework/src/Illuminate/Console/Command.php(213): Illuminate\\Container\\Container->call()
#9 /home/api-magangment-service.pickapart.ae/public_html/vendor/symfony/console/Command/Command.php(279): Illuminate\\Console\\Command->execute()
#10 /home/api-magangment-service.pickapart.ae/public_html/vendor/laravel/framework/src/Illuminate/Console/Command.php(182): Symfony\\Component\\Console\\Command\\Command->run()
#11 /home/api-magangment-service.pickapart.ae/public_html/vendor/symfony/console/Application.php(1047): Illuminate\\Console\\Command->run()
#12 /home/api-magangment-service.pickapart.ae/public_html/vendor/symfony/console/Application.php(316): Symfony\\Component\\Console\\Application->doRunCommand()
#13 /home/api-magangment-service.pickapart.ae/public_html/vendor/symfony/console/Application.php(167): Symfony\\Component\\Console\\Application->doRun()
#14 /home/api-magangment-service.pickapart.ae/public_html/vendor/laravel/framework/src/Illuminate/Foundation/Console/Kernel.php(197): Symfony\\Component\\Console\\Application->run()
#15 /home/api-magangment-service.pickapart.ae/public_html/vendor/laravel/framework/src/Illuminate/Foundation/Application.php(1205): Illuminate\\Foundation\\Console\\Kernel->handle()
#16 /home/api-magangment-service.pickapart.ae/public_html/artisan(13): Illuminate\\Foundation\\Application->handleCommand()
#17 {main}
"} 
[2025-05-14 10:38:17] local.ERROR: Failed to listen on "tcp://0.0.0.0:8080": Address already in use (EADDRINUSE) {"exception":"[object] (RuntimeException(code: 98): Failed to listen on \"tcp://0.0.0.0:8080\": Address already in use (EADDRINUSE) at /home/api-magangment-service.pickapart.ae/public_html/vendor/react/socket/src/TcpServer.php:188)
[stacktrace]
#0 /home/api-magangment-service.pickapart.ae/public_html/vendor/react/socket/src/SocketServer.php(65): React\\Socket\\TcpServer->__construct()
#1 /home/api-magangment-service.pickapart.ae/public_html/vendor/laravel/reverb/src/Servers/Reverb/Factory.php(61): React\\Socket\\SocketServer->__construct()
#2 /home/api-magangment-service.pickapart.ae/public_html/vendor/laravel/reverb/src/Servers/Reverb/Console/Commands/StartServer.php(58): Laravel\\Reverb\\Servers\\Reverb\\Factory::make()
#3 /home/api-magangment-service.pickapart.ae/public_html/vendor/laravel/framework/src/Illuminate/Container/BoundMethod.php(36): Laravel\\Reverb\\Servers\\Reverb\\Console\\Commands\\StartServer->handle()
#4 /home/api-magangment-service.pickapart.ae/public_html/vendor/laravel/framework/src/Illuminate/Container/Util.php(43): Illuminate\\Container\\BoundMethod::Illuminate\\Container\\{closure}()
#5 /home/api-magangment-service.pickapart.ae/public_html/vendor/laravel/framework/src/Illuminate/Container/BoundMethod.php(95): Illuminate\\Container\\Util::unwrapIfClosure()
#6 /home/api-magangment-service.pickapart.ae/public_html/vendor/laravel/framework/src/Illuminate/Container/BoundMethod.php(35): Illuminate\\Container\\BoundMethod::callBoundMethod()
#7 /home/api-magangment-service.pickapart.ae/public_html/vendor/laravel/framework/src/Illuminate/Container/Container.php(690): Illuminate\\Container\\BoundMethod::call()
#8 /home/api-magangment-service.pickapart.ae/public_html/vendor/laravel/framework/src/Illuminate/Console/Command.php(213): Illuminate\\Container\\Container->call()
#9 /home/api-magangment-service.pickapart.ae/public_html/vendor/symfony/console/Command/Command.php(279): Illuminate\\Console\\Command->execute()
#10 /home/api-magangment-service.pickapart.ae/public_html/vendor/laravel/framework/src/Illuminate/Console/Command.php(182): Symfony\\Component\\Console\\Command\\Command->run()
#11 /home/api-magangment-service.pickapart.ae/public_html/vendor/symfony/console/Application.php(1047): Illuminate\\Console\\Command->run()
#12 /home/api-magangment-service.pickapart.ae/public_html/vendor/symfony/console/Application.php(316): Symfony\\Component\\Console\\Application->doRunCommand()
#13 /home/api-magangment-service.pickapart.ae/public_html/vendor/symfony/console/Application.php(167): Symfony\\Component\\Console\\Application->doRun()
#14 /home/api-magangment-service.pickapart.ae/public_html/vendor/laravel/framework/src/Illuminate/Foundation/Console/Kernel.php(197): Symfony\\Component\\Console\\Application->run()
#15 /home/api-magangment-service.pickapart.ae/public_html/vendor/laravel/framework/src/Illuminate/Foundation/Application.php(1205): Illuminate\\Foundation\\Console\\Kernel->handle()
#16 /home/api-magangment-service.pickapart.ae/public_html/artisan(13): Illuminate\\Foundation\\Application->handleCommand()
#17 {main}
"} 
[2025-05-14 10:44:04] local.ERROR: Failed to listen on "tcp://0.0.0.0:8080": Address already in use (EADDRINUSE) {"exception":"[object] (RuntimeException(code: 98): Failed to listen on \"tcp://0.0.0.0:8080\": Address already in use (EADDRINUSE) at /home/api-magangment-service.pickapart.ae/public_html/vendor/react/socket/src/TcpServer.php:188)
[stacktrace]
#0 /home/api-magangment-service.pickapart.ae/public_html/vendor/react/socket/src/SocketServer.php(65): React\\Socket\\TcpServer->__construct()
#1 /home/api-magangment-service.pickapart.ae/public_html/vendor/laravel/reverb/src/Servers/Reverb/Factory.php(61): React\\Socket\\SocketServer->__construct()
#2 /home/api-magangment-service.pickapart.ae/public_html/vendor/laravel/reverb/src/Servers/Reverb/Console/Commands/StartServer.php(58): Laravel\\Reverb\\Servers\\Reverb\\Factory::make()
#3 /home/api-magangment-service.pickapart.ae/public_html/vendor/laravel/framework/src/Illuminate/Container/BoundMethod.php(36): Laravel\\Reverb\\Servers\\Reverb\\Console\\Commands\\StartServer->handle()
#4 /home/api-magangment-service.pickapart.ae/public_html/vendor/laravel/framework/src/Illuminate/Container/Util.php(43): Illuminate\\Container\\BoundMethod::Illuminate\\Container\\{closure}()
#5 /home/api-magangment-service.pickapart.ae/public_html/vendor/laravel/framework/src/Illuminate/Container/BoundMethod.php(95): Illuminate\\Container\\Util::unwrapIfClosure()
#6 /home/api-magangment-service.pickapart.ae/public_html/vendor/laravel/framework/src/Illuminate/Container/BoundMethod.php(35): Illuminate\\Container\\BoundMethod::callBoundMethod()
#7 /home/api-magangment-service.pickapart.ae/public_html/vendor/laravel/framework/src/Illuminate/Container/Container.php(690): Illuminate\\Container\\BoundMethod::call()
#8 /home/api-magangment-service.pickapart.ae/public_html/vendor/laravel/framework/src/Illuminate/Console/Command.php(213): Illuminate\\Container\\Container->call()
#9 /home/api-magangment-service.pickapart.ae/public_html/vendor/symfony/console/Command/Command.php(279): Illuminate\\Console\\Command->execute()
#10 /home/api-magangment-service.pickapart.ae/public_html/vendor/laravel/framework/src/Illuminate/Console/Command.php(182): Symfony\\Component\\Console\\Command\\Command->run()
#11 /home/api-magangment-service.pickapart.ae/public_html/vendor/symfony/console/Application.php(1047): Illuminate\\Console\\Command->run()
#12 /home/api-magangment-service.pickapart.ae/public_html/vendor/symfony/console/Application.php(316): Symfony\\Component\\Console\\Application->doRunCommand()
#13 /home/api-magangment-service.pickapart.ae/public_html/vendor/symfony/console/Application.php(167): Symfony\\Component\\Console\\Application->doRun()
#14 /home/api-magangment-service.pickapart.ae/public_html/vendor/laravel/framework/src/Illuminate/Foundation/Console/Kernel.php(197): Symfony\\Component\\Console\\Application->run()
#15 /home/api-magangment-service.pickapart.ae/public_html/vendor/laravel/framework/src/Illuminate/Foundation/Application.php(1205): Illuminate\\Foundation\\Console\\Kernel->handle()
#16 /home/api-magangment-service.pickapart.ae/public_html/artisan(13): Illuminate\\Foundation\\Application->handleCommand()
#17 {main}
"} 
[2025-05-14 10:50:04] local.ERROR: Failed to listen on "tcp://0.0.0.0:8080": Address already in use (EADDRINUSE) {"exception":"[object] (RuntimeException(code: 98): Failed to listen on \"tcp://0.0.0.0:8080\": Address already in use (EADDRINUSE) at /home/api-magangment-service.pickapart.ae/public_html/vendor/react/socket/src/TcpServer.php:188)
[stacktrace]
#0 /home/api-magangment-service.pickapart.ae/public_html/vendor/react/socket/src/SocketServer.php(65): React\\Socket\\TcpServer->__construct()
#1 /home/api-magangment-service.pickapart.ae/public_html/vendor/laravel/reverb/src/Servers/Reverb/Factory.php(61): React\\Socket\\SocketServer->__construct()
#2 /home/api-magangment-service.pickapart.ae/public_html/vendor/laravel/reverb/src/Servers/Reverb/Console/Commands/StartServer.php(58): Laravel\\Reverb\\Servers\\Reverb\\Factory::make()
#3 /home/api-magangment-service.pickapart.ae/public_html/vendor/laravel/framework/src/Illuminate/Container/BoundMethod.php(36): Laravel\\Reverb\\Servers\\Reverb\\Console\\Commands\\StartServer->handle()
#4 /home/api-magangment-service.pickapart.ae/public_html/vendor/laravel/framework/src/Illuminate/Container/Util.php(43): Illuminate\\Container\\BoundMethod::Illuminate\\Container\\{closure}()
#5 /home/api-magangment-service.pickapart.ae/public_html/vendor/laravel/framework/src/Illuminate/Container/BoundMethod.php(95): Illuminate\\Container\\Util::unwrapIfClosure()
#6 /home/api-magangment-service.pickapart.ae/public_html/vendor/laravel/framework/src/Illuminate/Container/BoundMethod.php(35): Illuminate\\Container\\BoundMethod::callBoundMethod()
#7 /home/api-magangment-service.pickapart.ae/public_html/vendor/laravel/framework/src/Illuminate/Container/Container.php(690): Illuminate\\Container\\BoundMethod::call()
#8 /home/api-magangment-service.pickapart.ae/public_html/vendor/laravel/framework/src/Illuminate/Console/Command.php(213): Illuminate\\Container\\Container->call()
#9 /home/api-magangment-service.pickapart.ae/public_html/vendor/symfony/console/Command/Command.php(279): Illuminate\\Console\\Command->execute()
#10 /home/api-magangment-service.pickapart.ae/public_html/vendor/laravel/framework/src/Illuminate/Console/Command.php(182): Symfony\\Component\\Console\\Command\\Command->run()
#11 /home/api-magangment-service.pickapart.ae/public_html/vendor/symfony/console/Application.php(1047): Illuminate\\Console\\Command->run()
#12 /home/api-magangment-service.pickapart.ae/public_html/vendor/symfony/console/Application.php(316): Symfony\\Component\\Console\\Application->doRunCommand()
#13 /home/api-magangment-service.pickapart.ae/public_html/vendor/symfony/console/Application.php(167): Symfony\\Component\\Console\\Application->doRun()
#14 /home/api-magangment-service.pickapart.ae/public_html/vendor/laravel/framework/src/Illuminate/Foundation/Console/Kernel.php(197): Symfony\\Component\\Console\\Application->run()
#15 /home/api-magangment-service.pickapart.ae/public_html/vendor/laravel/framework/src/Illuminate/Foundation/Application.php(1205): Illuminate\\Foundation\\Console\\Kernel->handle()
#16 /home/api-magangment-service.pickapart.ae/public_html/artisan(13): Illuminate\\Foundation\\Application->handleCommand()
#17 {main}
"} 
[2025-05-14 10:51:38] local.ERROR: Failed to listen on "tcp://0.0.0.0:8080": Address already in use (EADDRINUSE) {"exception":"[object] (RuntimeException(code: 98): Failed to listen on \"tcp://0.0.0.0:8080\": Address already in use (EADDRINUSE) at /home/api-magangment-service.pickapart.ae/public_html/vendor/react/socket/src/TcpServer.php:188)
[stacktrace]
#0 /home/api-magangment-service.pickapart.ae/public_html/vendor/react/socket/src/SocketServer.php(65): React\\Socket\\TcpServer->__construct()
#1 /home/api-magangment-service.pickapart.ae/public_html/vendor/laravel/reverb/src/Servers/Reverb/Factory.php(61): React\\Socket\\SocketServer->__construct()
#2 /home/api-magangment-service.pickapart.ae/public_html/vendor/laravel/reverb/src/Servers/Reverb/Console/Commands/StartServer.php(58): Laravel\\Reverb\\Servers\\Reverb\\Factory::make()
#3 /home/api-magangment-service.pickapart.ae/public_html/vendor/laravel/framework/src/Illuminate/Container/BoundMethod.php(36): Laravel\\Reverb\\Servers\\Reverb\\Console\\Commands\\StartServer->handle()
#4 /home/api-magangment-service.pickapart.ae/public_html/vendor/laravel/framework/src/Illuminate/Container/Util.php(43): Illuminate\\Container\\BoundMethod::Illuminate\\Container\\{closure}()
#5 /home/api-magangment-service.pickapart.ae/public_html/vendor/laravel/framework/src/Illuminate/Container/BoundMethod.php(95): Illuminate\\Container\\Util::unwrapIfClosure()
#6 /home/api-magangment-service.pickapart.ae/public_html/vendor/laravel/framework/src/Illuminate/Container/BoundMethod.php(35): Illuminate\\Container\\BoundMethod::callBoundMethod()
#7 /home/api-magangment-service.pickapart.ae/public_html/vendor/laravel/framework/src/Illuminate/Container/Container.php(690): Illuminate\\Container\\BoundMethod::call()
#8 /home/api-magangment-service.pickapart.ae/public_html/vendor/laravel/framework/src/Illuminate/Console/Command.php(213): Illuminate\\Container\\Container->call()
#9 /home/api-magangment-service.pickapart.ae/public_html/vendor/symfony/console/Command/Command.php(279): Illuminate\\Console\\Command->execute()
#10 /home/api-magangment-service.pickapart.ae/public_html/vendor/laravel/framework/src/Illuminate/Console/Command.php(182): Symfony\\Component\\Console\\Command\\Command->run()
#11 /home/api-magangment-service.pickapart.ae/public_html/vendor/symfony/console/Application.php(1047): Illuminate\\Console\\Command->run()
#12 /home/api-magangment-service.pickapart.ae/public_html/vendor/symfony/console/Application.php(316): Symfony\\Component\\Console\\Application->doRunCommand()
#13 /home/api-magangment-service.pickapart.ae/public_html/vendor/symfony/console/Application.php(167): Symfony\\Component\\Console\\Application->doRun()
#14 /home/api-magangment-service.pickapart.ae/public_html/vendor/laravel/framework/src/Illuminate/Foundation/Console/Kernel.php(197): Symfony\\Component\\Console\\Application->run()
#15 /home/api-magangment-service.pickapart.ae/public_html/vendor/laravel/framework/src/Illuminate/Foundation/Application.php(1205): Illuminate\\Foundation\\Console\\Kernel->handle()
#16 /home/api-magangment-service.pickapart.ae/public_html/artisan(13): Illuminate\\Foundation\\Application->handleCommand()
#17 {main}
"} 
[2025-05-27 06:23:25] local.ERROR: There are no commands defined in the "dispatch" namespace. {"exception":"[object] (Symfony\\Component\\Console\\Exception\\NamespaceNotFoundException(code: 0): There are no commands defined in the \"dispatch\" namespace. at /home/api-magangment-service.pickapart.ae/public_html/vendor/symfony/console/Application.php:636)
[stacktrace]
#0 /home/api-magangment-service.pickapart.ae/public_html/vendor/symfony/console/Application.php(685): Symfony\\Component\\Console\\Application->findNamespace()
#1 /home/api-magangment-service.pickapart.ae/public_html/vendor/symfony/console/Application.php(258): Symfony\\Component\\Console\\Application->find()
#2 /home/api-magangment-service.pickapart.ae/public_html/vendor/symfony/console/Application.php(167): Symfony\\Component\\Console\\Application->doRun()
#3 /home/api-magangment-service.pickapart.ae/public_html/vendor/laravel/framework/src/Illuminate/Foundation/Console/Kernel.php(197): Symfony\\Component\\Console\\Application->run()
#4 /home/api-magangment-service.pickapart.ae/public_html/vendor/laravel/framework/src/Illuminate/Foundation/Application.php(1205): Illuminate\\Foundation\\Console\\Kernel->handle()
#5 /home/api-magangment-service.pickapart.ae/public_html/artisan(13): Illuminate\\Foundation\\Application->handleCommand()
#6 {main}
"} 
[2025-05-27 06:24:01] local.ERROR: There are no commands defined in the "dispatch" namespace. {"exception":"[object] (Symfony\\Component\\Console\\Exception\\NamespaceNotFoundException(code: 0): There are no commands defined in the \"dispatch\" namespace. at /home/api-magangment-service.pickapart.ae/public_html/vendor/symfony/console/Application.php:636)
[stacktrace]
#0 /home/api-magangment-service.pickapart.ae/public_html/vendor/symfony/console/Application.php(685): Symfony\\Component\\Console\\Application->findNamespace()
#1 /home/api-magangment-service.pickapart.ae/public_html/vendor/symfony/console/Application.php(258): Symfony\\Component\\Console\\Application->find()
#2 /home/api-magangment-service.pickapart.ae/public_html/vendor/symfony/console/Application.php(167): Symfony\\Component\\Console\\Application->doRun()
#3 /home/api-magangment-service.pickapart.ae/public_html/vendor/laravel/framework/src/Illuminate/Foundation/Console/Kernel.php(197): Symfony\\Component\\Console\\Application->run()
#4 /home/api-magangment-service.pickapart.ae/public_html/vendor/laravel/framework/src/Illuminate/Foundation/Application.php(1205): Illuminate\\Foundation\\Console\\Kernel->handle()
#5 /home/api-magangment-service.pickapart.ae/public_html/artisan(13): Illuminate\\Foundation\\Application->handleCommand()
#6 {main}
"} 
