[2025-05-26 13:33:47] local.INFO: Array
(
    [0] => Array
        (
            [status] => 1
            [message] => Data encrypted successfully.
            [data] => Array
                (
                    [note] => eyJpdiI6InVFWENnaG9QcExMT3ZLdEdqSnJXM3c9PSIsInZhbHVlIjoidHQ5ak9xTGVPSTNrZFNrSUVSYzNTQTZ5UytONWsva3B3THVEbVJQb0FxMD0iLCJtYWMiOiI4NjNiZWM0M2Y5ZThkNDk0YTI4NjkxNTJiNWQ0MGE2ZjMxYzYzMTgxZDQxYjBjZjM5ZWI5YzM5ZTk3ODRjZTIyIiwidGFnIjoiIn0=
                    [reason] => eyJpdiI6ImFiR1pmRG16ZTlxTzBVM1YrWEpKNWc9PSIsInZhbHVlIjoidlJjR0l0dDBJWml2N0kxMCtjLzhQZz09IiwibWFjIjoiY2UzNzQwOTBmOGQyYzQ1ODZkZTcxZGQ1YzRmNzEwMzg1ZGNhMDUwY2NjN2M0MzdkMjVmZGE0ODA0YWZhMTljOSIsInRhZyI6IiJ9
                    [state_code] => eyJpdiI6ImJiV0tlVHcyakYya1IzR3psYkFLZGc9PSIsInZhbHVlIjoiT00rNlhRd25Yb2VSTHZDaDNoY2Zldz09IiwibWFjIjoiYjAyZDNkN2U5NGI3YWM4NWY5NDc2YzgxMzIyY2FiNjIzOTJkYTlhZWVhOGI4ZDAzMWFmNzgyYmI4ZDJjYjUyNCIsInRhZyI6IiJ9
                    [state_name] => eyJpdiI6InBUelZSR2Naejk4bGxIMnNBVmZmUGc9PSIsInZhbHVlIjoiY2dEeVB3VkUzT0xFdUU4YlVDTTh4Zz09IiwibWFjIjoiOTFkNWZmMjhjYTM3NDEzM2I5OTI2MzQ0ODdhYjE1MDc2NjdjMTZhZThiZDNmYjgxOGMzMjExM2VhYjcwNGFmMSIsInRhZyI6IiJ9
                )

            [acc_media_id] => $2y$12$SqiQhidM28zD2XBuB9jpS.VfPkVS6kdzb8L70sfN2CM0xWOIjBZg2
        )

    [1] => Array
        (
            [status] => 1
            [message] => Data encrypted successfully.
            [data] => Array
                (
                    [note] => eyJpdiI6IlB6d3h2NkZRS1ZnN0xuVWIxN1hzQlE9PSIsInZhbHVlIjoiSDZVUTlEdmIyMzVwdkl2MlVxTTFJNHJPUzMyMkdXMUZIZXAzcGN5b01UMD0iLCJtYWMiOiI3NjdmNDk0ODUxMTQ2ODQ5Y2YyYmM5NWY5ZTY0ZjZlOGMzMTRjMzUyOWNlMjhlMjRmOWFjNTYzNjFiNDc0OTM2IiwidGFnIjoiIn0=
                    [reason] => eyJpdiI6InU5MlFKbHNabXBwSnZ1a29aZUhaamc9PSIsInZhbHVlIjoiNUJvaWxhQk9tTjlZaW5YTW91Q2FPdz09IiwibWFjIjoiMzAwZmFmOTExY2JkNWZhOWRjZWU5OGNkNWFmY2FmMGNhODVlOGViYmQ2NjNlMDJmZjIwMjFiNjg2Yjk1MjRiOSIsInRhZyI6IiJ9
                    [state_code] => eyJpdiI6IitTcGsyMkYrL0k0YzFDc0JZcWpjWEE9PSIsInZhbHVlIjoiYkdJWWJJenRRR3hqMWFEY1lJcHViZz09IiwibWFjIjoiMTgyNWZhMmJjNGRkM2QyYzI0OThkMjBmZDMzYWIwMGE2YzU3N2ExZWFlOGRiZGI5N2E5ZjYwNTZhMWM2Mjk1ZSIsInRhZyI6IiJ9
                    [state_name] => eyJpdiI6IjhzczFLV2RmZXJZNU5SWFhyWEJZMVE9PSIsInZhbHVlIjoiZ1hvZE4vc3dTSmV0Z0hTZ09CZVBWQT09IiwibWFjIjoiNzE5OGY1NmU5YTJjY2E1ZmJkYWViMDY5OGVkYmFmMjlkNWY4YzQ5MzRkMzU2ODdjYzViMGIxOWUzMTgyM2UwOSIsInRhZyI6IiJ9
                )

            [acc_media_id] => $2y$12$SqiQhidM28zD2XBuB9jpS.VfPkVS6kdzb8L70sfN2CM0xWOIjBZg2
        )

)
  
[2025-05-26 13:34:32] local.INFO: Array
(
    [0] => Array
        (
            [status] => 1
            [message] => Data encrypted successfully.
            [data] => Array
                (
                    [note] => eyJpdiI6IkdCZFg0cCs4aVpmOWVaSkd2Z1NUQ2c9PSIsInZhbHVlIjoiclhoQW13Z0lzcUVQTndRVWVlRmtLc253cjhUUTJLNEtidDdlOVN2WlhiRT0iLCJtYWMiOiI4ZjZjM2RhZjkxZDhkMDlmN2M0MzA1ZmE4OTk4MDYxNWU4MTM1ZTA4ZGU0ZWFmMzI4MDYxMmI2YmQwNmMyMzEyIiwidGFnIjoiIn0=
                    [reason] => eyJpdiI6ImxrR01WM3NuNDVlRStic1RINnl6aUE9PSIsInZhbHVlIjoiRzVITDJwa0V5OHAzdFAra2tvS1h5dz09IiwibWFjIjoiZWFjMDYzNDVhOGUwYThkYzJhMjkwNGY5N2U3YTY4NjgwNDQ4YjViNTExZTk3ODE0MDYxN2VkNWFlNGYwMzE5NiIsInRhZyI6IiJ9
                    [state_code] => eyJpdiI6IjhheXVNT0NGRklYNnBSMTg3L2d6dUE9PSIsInZhbHVlIjoiME0zN09kbmxmZEJMb09VRFFHKy9GZz09IiwibWFjIjoiNzk4N2M5NGVhOTMyNmY1MDkzODEzOWE2YzY1NTVmMGRhNzljNTY2ZmYxNzM1M2MwNzI5OTA3ZTBjMjkwMjllYyIsInRhZyI6IiJ9
                    [state_name] => eyJpdiI6InVZY2tCS3JvMHJvUXdiSmhBd0Q2eWc9PSIsInZhbHVlIjoidmFFdXRDZ3BpZWp4bnFxUTZqQWVxQT09IiwibWFjIjoiNDMwMmNmMDU0ZGRhOWEyODc5ZGM3ZDRlMWJhNjc0OWU3YjFiMTY2YmQxZmM4YzM2NDA3Y2NiYWE2NDA5M2MyNSIsInRhZyI6IiJ9
                )

            [acc_media_id] => $2y$12$SqiQhidM28zD2XBuB9jpS.VfPkVS6kdzb8L70sfN2CM0xWOIjBZg2
        )

    [1] => Array
        (
            [status] => 1
            [message] => Data encrypted successfully.
            [data] => Array
                (
                    [note] => eyJpdiI6IlRiUGlWSktRRWRLT1IyY0VIelJvSnc9PSIsInZhbHVlIjoiOGhlZnNJTk5VMHJldThjWE9LYUZlS3RuZWpqWVhzbGJDVlpXK2J2MkE1TT0iLCJtYWMiOiJkNTI2Y2E3NGMxNGJmYmI1ZmIyYmZjZjI1ZGM1MTQ2NGFmNDNhZTBmYjM2M2ZhNTNmNDk2MjgxNzQ4OWRmNmNkIiwidGFnIjoiIn0=
                    [reason] => eyJpdiI6Ikh4R0dtb0dPaUJNYVpyZmVVcUlLZHc9PSIsInZhbHVlIjoid1BZaEgxMlFNUUROZmVUbUpacUg2QT09IiwibWFjIjoiZDRhNDBkNTdmMDNmMTNkNDUyYTUyMTEyNDNmM2FmNjMzNTU0YmVhY2I0MTZjNGZmNzBkZmI1NzNmMjM4ZmQ1NSIsInRhZyI6IiJ9
                    [state_code] => eyJpdiI6ImJHQWwzWjAzM1NwRnNLOVd0bS8zSFE9PSIsInZhbHVlIjoiYnY3RE9QcWhPYm0veTJ0YzFER0s4Zz09IiwibWFjIjoiNDc2N2QzMDAwYzQ4MDE3MGFhMjQyMjlkODVjMzlhODA2YjljNWRmY2E1ZmViZTVmMWI1Yzc4NDI2MGJhMTg0ZCIsInRhZyI6IiJ9
                    [state_name] => eyJpdiI6ImdsK0F2dTQ4MmtNcWcrTXpxbkN4Z3c9PSIsInZhbHVlIjoib2tPOGFmQkJVcU1PZXQ1MnlwYUpqQT09IiwibWFjIjoiOWYzNGVlNjdlMjBjOGM4OTEwZjhkYzEzNWNkNGI2ZWJhYTAwYzczZWY4OWIwZjE1NzM1ZTQwODBkNTRkZTRhNSIsInRhZyI6IiJ9
                )

            [acc_media_id] => $2y$12$SqiQhidM28zD2XBuB9jpS.VfPkVS6kdzb8L70sfN2CM0xWOIjBZg2
        )

)
  
[2025-05-26 13:38:54] local.INFO: Array
(
    [0] => Array
        (
            [status] => 1
            [message] => Data encrypted successfully.
            [data] => Array
                (
                    [note] => eyJpdiI6InZuK0tjNXVxaVcrM2gvc2xXaEFRbVE9PSIsInZhbHVlIjoiQ2tNbXM0RzZkR1owdEFtWUE4Wkp6ZWFhbmc2dTZ6TkNnaFM2VXFYYmpKST0iLCJtYWMiOiIxYzQxZTRmZDc0MTkyNzMwZDI3OTU4ZmIwY2Q1NWEyODc2NGU4YzExOWI2NGJlMDU1NmE3MGM2NzNlYzZiNzA2IiwidGFnIjoiIn0=
                    [reason] => eyJpdiI6Im1Pa2xrcTJESUJ4QUdpQXBGdnZSQkE9PSIsInZhbHVlIjoibStQZlBscW5icU5qa2hoazZDbmNvZz09IiwibWFjIjoiNjYxNTFlMWE1ZmNmMTcwM2Q3NzM3NzRkMDJkYTcyYzQ3NDRkNTU1YzhhNzM3YjdkOTAzNmI1OTJmMzZhMjI5NCIsInRhZyI6IiJ9
                    [state_code] => eyJpdiI6ImEzTllyZ3lZZWVVZmFtdC8vZmFQd3c9PSIsInZhbHVlIjoiYWNkejBTQjNOTWRDZjNINXVCM2xjdz09IiwibWFjIjoiODM5YjYzMjc4M2IyMDk0ODA0ZWFjMDc4NTkxMzRjZDE2YWZhMjE0MmJjOGY4NjgzZTVmMWYyNjc2MTk1ZjJiYiIsInRhZyI6IiJ9
                    [state_name] => eyJpdiI6IkJ1cXQwTldsdEJOTit2NEZ5NW1oR2c9PSIsInZhbHVlIjoiTG9kYUZtNFhUN1Z6YUhoVW1Xejg4UT09IiwibWFjIjoiNTViNTBlNjU3YjI3NThjODAyMDUxZWIyMTViYTMyZjNjOGY0OGMyZTQ5MGE0ZGVjNjI5N2ZlMjJjMWZlMDQyYSIsInRhZyI6IiJ9
                )

            [acc_media_id] => $2y$12$SqiQhidM28zD2XBuB9jpS.VfPkVS6kdzb8L70sfN2CM0xWOIjBZg2
        )

    [1] => Array
        (
            [status] => 1
            [message] => Data encrypted successfully.
            [data] => Array
                (
                    [note] => eyJpdiI6Ik9jU0I5MldGbHN6ekdTWWh5b2dLbUE9PSIsInZhbHVlIjoiK2t3KzA5Y21tQkFQQXRzSExQWXMvNCswVWRRK3Fxcmhza3Q3b1RkU25OST0iLCJtYWMiOiJiYzRlYzUyODU5YzY0ODAzZjk0ZmJjZDMzMWYyM2MzYTA2NzUyNDMwOWMxYTA4MDNmYTBhNGQxMGYyZGU5NTM0IiwidGFnIjoiIn0=
                    [reason] => eyJpdiI6Ing5L3pUdG5XdllGdG9DQjdlSjNrc3c9PSIsInZhbHVlIjoiMUdic1hkVnFna0labTBwOGluOG96UT09IiwibWFjIjoiY2Y0MzIyNjlkYTIxNjNjYTM2ODE3MTI4OWZjZTJhODdjZTFjZGNlZTQ3NDc5MWYwY2U5MzhmNWI5NGE2Y2UxOSIsInRhZyI6IiJ9
                    [state_code] => eyJpdiI6ImM5emtpQlgvOGpkVlIxTnpDaUdwMnc9PSIsInZhbHVlIjoibXI4WTJJakRkdmhJN1d5VWlSeDhYZz09IiwibWFjIjoiYTllZDY5N2EyODQ3Y2NlMGUxMWYxNGM3OGM3MGQ1NzJkMDI3YjljMGY5NDE2NjNjZjgwYzlhNGViZDA5ZjNlMiIsInRhZyI6IiJ9
                    [state_name] => eyJpdiI6IkM4WkNjZGFjS2FkcTk3QkZuYTk2SUE9PSIsInZhbHVlIjoiTE1zQnVrNS9OZmhNcm9GOGJmQVBNdz09IiwibWFjIjoiZjVkZmQ2NTdkNDZiZmVmYmQyOGUwNWQ2NTI2NWVmOGE2MDVlZWJkYjJhNDhiZTkzNTgyYzdlNGRiOGQ5MTRlMCIsInRhZyI6IiJ9
                )

            [acc_media_id] => $2y$12$SqiQhidM28zD2XBuB9jpS.VfPkVS6kdzb8L70sfN2CM0xWOIjBZg2
        )

)
  
[2025-05-26 13:42:06] local.INFO: Array
(
    [0] => Array
        (
            [status] => 1
            [message] => Data encrypted successfully.
            [data] => Array
                (
                    [note] => eyJpdiI6IjdaMyt6WjZ6MmxRYlkwMzhBTUJZNVE9PSIsInZhbHVlIjoiWWRMWVRyVllsdVdtZlRUQk12Q0szOXJiU0ZTTWd5cFErbXdKQ2RFWkw1bz0iLCJtYWMiOiJlODMxZmYyNGRlODdkMzY0ZDU0MjI1Yjc0MDNkYmQ1OGE2MjkzZDgwZTA0NDMxOTJmMzg1MWZiZjkwYmZmMDIyIiwidGFnIjoiIn0=
                    [reason] => eyJpdiI6IlVRczFENE90UzRId0JTbmNMVUJQN2c9PSIsInZhbHVlIjoiYjNLYkIxK2Q5akJtdmFqQ2ZLR3JXZz09IiwibWFjIjoiNDc4MzBkNDYxZmFjYmJmZDFhNTcwNzBkZDRjZjQ5MGJiMjc5NTFlNWQ4Njk4MzA4MGNjMjUyMGRhNzUxMWI2MSIsInRhZyI6IiJ9
                    [state_code] => eyJpdiI6IlFkSGQyQm44am5UcDNtWmZBVmxxaGc9PSIsInZhbHVlIjoiODVkb0w5M3ExbFB4THZhaGhLYngzdz09IiwibWFjIjoiZWFjZGRhODkzMzdjMjliOTRkNjRkYWZmZjI1OWViYWU3ZGI1ZTVmMmRlODZmMjIxNDBmYmU5YWI4ZTAyNWRiNyIsInRhZyI6IiJ9
                    [state_name] => eyJpdiI6ImJLdEI4djhXS2JyMzdqVm1sZ3pLb1E9PSIsInZhbHVlIjoiS2JjOTQrZ0VVWnpybnRXZkhjZEU4dz09IiwibWFjIjoiNWEyOTdhYzNiZjk0NmRjNWQxMDc4OTQ3ZTExNDNlZGY3ZWNkZjM5Y2MwZTI0NjViNWMwMzE2ZjMwMDg4N2NkYiIsInRhZyI6IiJ9
                )

            [acc_media_id] => $2y$12$SqiQhidM28zD2XBuB9jpS.VfPkVS6kdzb8L70sfN2CM0xWOIjBZg2
        )

    [1] => Array
        (
            [status] => 1
            [message] => Data encrypted successfully.
            [data] => Array
                (
                    [note] => eyJpdiI6IjY1U2J1V0M1blU3eDdCVEl4b2czS2c9PSIsInZhbHVlIjoiMGFjM2RIbkM2UWlsSUl4T21OUVNCNWRDMFFxZURRK0IrZFNEU05BYkdsND0iLCJtYWMiOiI2YTRlZWJhZDVkMWQxMjIyNTFhODNiMTlmNDEyNzQzMDlmMDIwOWMzNGNlNTQ3MTk1MDYyNmY3ZTIwNGIwMjEyIiwidGFnIjoiIn0=
                    [reason] => eyJpdiI6ImVvUGV2ZllhOTRjbVFjb3c4V3d5alE9PSIsInZhbHVlIjoiWmx2cEhhYk1BSk11Q3MyOEhGbGJCZz09IiwibWFjIjoiMzgxNGNmOTE1N2ZlZDliM2U0NWEzOGNlZWNmMWYzNzY2YWYzOTgwZGRiMTcwMTI3M2I4NmU2OGE5MTZkMDg2YSIsInRhZyI6IiJ9
                    [state_code] => eyJpdiI6Inl4T281eDE3aG5iQmhHb1lhTWx0QXc9PSIsInZhbHVlIjoiU0E5NjdrREc4VWovSzgvcU0rRUl4Zz09IiwibWFjIjoiNjQ4MmRhOGUyNjc5ZGE3MDJlYjI2Y2M2OTQ3MjE4MWY4NWY5MDQ1YjgwMjllODE5OTM5YmE3Yzc2NGFmZmEzMSIsInRhZyI6IiJ9
                    [state_name] => eyJpdiI6Ik5jWDgxa0JkM0d5S2JBYzBGdFZhd0E9PSIsInZhbHVlIjoiTEVwWTlscnlNNGJjK29FNm4vUXBpZz09IiwibWFjIjoiMWFiZDgwN2MzYWY3ODFmNzkzZjZhYTY0MDM3NTMzNzdiYzljODcwNWNjYmFkZGYyZWEyOWEyOTk4N2ZkNTE5MCIsInRhZyI6IiJ9
                )

            [acc_media_id] => $2y$12$SqiQhidM28zD2XBuB9jpS.VfPkVS6kdzb8L70sfN2CM0xWOIjBZg2
        )

)
  
[2025-05-26 13:42:37] local.INFO: Array
(
    [0] => Array
        (
            [status] => 1
            [message] => Data encrypted successfully.
            [data] => Array
                (
                    [note] => eyJpdiI6IkRkK1ZwNjB6bUdnM25GaXE0YjF3N2c9PSIsInZhbHVlIjoidjNDRUY1VFgzUVliaUljUlNxYXJXRXlRbFh4aHRNMDQrclJoMmZJUDhzST0iLCJtYWMiOiI0ZWU0ZTdkMWExNDkwNWNiNTc2MGJjYjAzMTg3M2UyZTYzMGIwNjNhNGIwZjJjMmVkZWQ4OWZmNDFhZGVmMWU4IiwidGFnIjoiIn0=
                    [reason] => eyJpdiI6IjBOd0RRRUxHdnM5RVRaNXJRNCtFVlE9PSIsInZhbHVlIjoiT3BYdWR6emZwVHFEcmg3YzhtY0lPUT09IiwibWFjIjoiNGI0ODVmMDJkMjU2YjMzMGZhYjBkNGJhMTQzZWJmN2Y5ZmI3YzljMDdlOGQ1N2FmNWViNmVmNTFmMGNjY2I1OCIsInRhZyI6IiJ9
                    [state_code] => eyJpdiI6IktkVnpmWSt0UWUyeGMyYnB2Y0xmcFE9PSIsInZhbHVlIjoiUXVSckZUSHVjSWpYd0FVeXljLzEwQT09IiwibWFjIjoiYmI3MTM1MWY3OTEzMmZkZTFlMWFkN2ZhOTlkYTk4ZGNhMTJjNzI5ZTIxMzRmOTE4N2U2YWY4MDRhZDMzNzMyZSIsInRhZyI6IiJ9
                    [state_name] => eyJpdiI6IlB0K01uekROU1pKL0lUQW8xQ3ZqNFE9PSIsInZhbHVlIjoiYzMrR0RSTFh3T0hPYnpaZ0t0b2M4Zz09IiwibWFjIjoiNTlmZTUyY2IwNmRkY2VmYWM4ZGNkYjVhOTdjMDRmMWM0MDQ3ZDFmNTI4ZDcwMjU5OGE3MjE0ZDNhZjJlOWZjMSIsInRhZyI6IiJ9
                )

            [acc_media_id] => $2y$12$SqiQhidM28zD2XBuB9jpS.VfPkVS6kdzb8L70sfN2CM0xWOIjBZg2
        )

    [1] => Array
        (
            [status] => 1
            [message] => Data encrypted successfully.
            [data] => Array
                (
                    [note] => eyJpdiI6ImNNY2gzMnNKZG1OaWMrVlZ4TGIyQnc9PSIsInZhbHVlIjoiWWdxY1FaYk5jVkJqRW5RQVhVdk5SN0tiT05vUHlpcjVjRmRxdHdmUkJOaz0iLCJtYWMiOiJhNTllOGI1YzczZWI4OWRiMjQxZmY1YjAwZTkwMGZmZDkxMjVmNWFjZjYwMzU3NDU1OTFiZDBjZTI4Njk3MDI2IiwidGFnIjoiIn0=
                    [reason] => eyJpdiI6Imx3ZkRPUDZsdEkzRGNiWCtEdzRudFE9PSIsInZhbHVlIjoiaC9kR3lJaUFKNnR2S3NkMEM4M3lTUT09IiwibWFjIjoiOTcyNDBkOWIwOTJjODQ0OTI3MzE0MzJjMDgwY2E5NzNmYWQ4YjYzNzI1YjAwNTQwYWI1MDFhMzY4OTE2MzRmZCIsInRhZyI6IiJ9
                    [state_code] => eyJpdiI6IjFhNTEwYzVBbmxLTzZGWFBuaTMrT0E9PSIsInZhbHVlIjoicFFrd1piN21qVVUxR3o5cFhZckxtdz09IiwibWFjIjoiMDhkOTVmMTdkMDVkZDk4NjQ2NzVjYTFlMGEwMDNmOTgxZmM1YzhkOWJhMThlZTQ5MmM1NThiMjY3NzY4NmJkYSIsInRhZyI6IiJ9
                    [state_name] => eyJpdiI6InF1WFA0OWNlcFdiNWlFeUFxWi85MkE9PSIsInZhbHVlIjoiekdPYTVaUERwNHVwS1NCMWdtdXBqUT09IiwibWFjIjoiNDc3ZDZlZGJjOTgwMWFjOGU3YjljNWE5YWY1NzY1YTY0MzFiZDMzODY4YmI1NzNjODUzYTA0NTg1MWI4NDQ3ZiIsInRhZyI6IiJ9
                )

            [acc_media_id] => $2y$12$SqiQhidM28zD2XBuB9jpS.VfPkVS6kdzb8L70sfN2CM0xWOIjBZg2
        )

)
  
